2026-06-06 18:23:00,419 | INFO | method=POST path=/clientes query=- status=500 elapsed_ms=1080.31
2026-06-06 18:25:39,023 | INFO | method=GET path=/clientes query=limit=50 status=200 elapsed_ms=746.07
2026-06-06 18:25:59,849 | INFO | method=POST path=/cotacoes query=- status=201 elapsed_ms=968.39
2026-06-06 18:26:10,368 | INFO | method=GET path=/clientes/1 query=- status=200 elapsed_ms=605.53
2026-06-06 18:26:28,013 | INFO | method=GET path=/cotacoes query=page=1&limit=100 status=200 elapsed_ms=714.32
2026-06-06 18:26:30,664 | INFO | method=GET path=/clientes/1 query=- status=200 elapsed_ms=594.39
2026-06-06 18:26:33,437 | INFO | method=GET path=/clientes/4 query=- status=404 elapsed_ms=724.70
2026-06-06 18:26:37,486 | INFO | method=GET path=/cotacoes/1 query=- status=200 elapsed_ms=607.77
2026-06-06 18:26:41,694 | INFO | method=GET path=/clientes/1 query=- status=200 elapsed_ms=613.88
2026-06-06 18:26:52,084 | INFO | method=GET path=/clientes query=limit=50&nome=GABRIEL status=200 elapsed_ms=720.43
2026-06-06 18:27:04,153 | INFO | method=GET path=/cotacoes/cliente/1 query=page=1&limit=100 status=200 elapsed_ms=717.89
2026-06-06 18:27:06,800 | INFO | method=GET path=/clientes/1 query=- status=200 elapsed_ms=594.01
2026-06-06 18:27:10,427 | INFO | method=GET path=/cotacoes/1 query=- status=200 elapsed_ms=592.66
2026-06-06 18:27:14,176 | INFO | method=GET path=/clientes/1 query=- status=200 elapsed_ms=612.55
2026-06-06 18:27:29,084 | INFO | method=GET path=/cotacoes/6 query=- status=200 elapsed_ms=602.98
2026-06-06 18:27:32,159 | INFO | method=GET path=/clientes/1 query=- status=200 elapsed_ms=599.20
2026-06-06 18:28:05,548 | INFO | method=PUT path=/cotacoes/6/desconto query=- status=200 elapsed_ms=1096.24
2026-06-06 18:28:09,156 | INFO | method=GET path=/cotacoes/1 query=- status=200 elapsed_ms=603.51
2026-06-06 18:28:12,752 | INFO | method=GET path=/clientes/1 query=- status=200 elapsed_ms=594.70
2026-06-06 18:28:16,078 | INFO | method=GET path=/cotacoes/1 query=- status=200 elapsed_ms=598.87
2026-06-06 18:28:19,683 | INFO | method=GET path=/clientes/1 query=- status=200 elapsed_ms=598.63
2026-06-06 18:28:33,277 | INFO | method=GET path=/cotacoes/2 query=- status=200 elapsed_ms=602.37
2026-06-06 18:28:34,191 | INFO | method=GET path=/health query=- status=200 elapsed_ms=246.18
2026-06-06 18:28:35,049 | INFO | method=GET path=/cotacoes/cliente/1 query=page=1&limit=100 status=200 elapsed_ms=722.12
2026-06-06 18:28:36,913 | INFO | method=GET path=/clientes/1 query=- status=200 elapsed_ms=595.38
2026-06-06 18:28:49,286 | INFO | method=GET path=/cotacoes/6 query=- status=200 elapsed_ms=608.15
2026-06-06 18:28:53,004 | INFO | method=GET path=/clientes/1 query=- status=200 elapsed_ms=594.28
2026-06-06 18:29:02,788 | INFO | method=GET path=/health query=- status=200 elapsed_ms=239.35
2026-06-06 18:29:49,636 | INFO | method=GET path=/cotacoes/cliente/1 query=page=1&limit=100 status=200 elapsed_ms=736.95
2026-06-06 18:29:50,135 | INFO | method=GET path=/cotacoes/cliente/1 query=page=1&limit=100 status=200 elapsed_ms=413.83
2026-06-06 18:29:50,138 | INFO | method=GET path=/clientes/1 query=- status=200 elapsed_ms=619.35
2026-06-06 18:29:50,628 | INFO | method=GET path=/clientes/1 query=- status=200 elapsed_ms=400.46
2026-06-06 18:30:50,071 | INFO | method=GET path=/cotacoes/6 query=- status=200 elapsed_ms=250.18
2026-06-06 18:30:50,438 | INFO | method=GET path=/cotacoes/6 query=- status=200 elapsed_ms=320.26
2026-06-06 18:31:08,668 | INFO | method=GET path=/health query=- status=200 elapsed_ms=239.16
2026-06-06 18:31:09,574 | INFO | method=GET path=/cotacoes/6 query=- status=200 elapsed_ms=241.46
2026-06-06 18:33:47,454 | INFO | method=GET path=/chapas query=limit=5&valor_min=0.01 status=200 elapsed_ms=293.26
2026-06-06 18:33:47,854 | INFO | method=GET path=/fitas query=limit=5&valor_min=0.01&rolo_min=1 status=200 elapsed_ms=261.92
2026-06-06 18:33:48,230 | INFO | method=GET path=/ferragens query=limit=5 status=200 elapsed_ms=322.89
2026-06-06 18:33:48,955 | INFO | method=GET path=/clientes query=limit=5 status=200 elapsed_ms=673.71
2026-06-06 18:33:49,680 | INFO | method=GET path=/cotacoes/cliente/1 query=page=1&limit=100 status=200 elapsed_ms=677.63
2026-06-06 18:34:07,216 | INFO | method=GET path=/clientes query=limit=5 status=200 elapsed_ms=267.24
2026-06-06 18:34:07,582 | INFO | method=GET path=/cotacoes/cliente/1 query=page=1&limit=100 status=200 elapsed_ms=306.23
2026-06-06 18:34:07,958 | INFO | method=GET path=/chapas query=limit=5&valor_min=0.01 status=200 elapsed_ms=337.68
2026-06-06 18:34:08,330 | INFO | method=GET path=/fitas query=limit=5&valor_min=0.01&rolo_min=1 status=200 elapsed_ms=342.96
2026-06-06 18:34:36,292 | INFO | method=GET path=/health query=- status=200 elapsed_ms=369.49
2026-06-06 18:35:00,889 | INFO | method=GET path=/clientes query=limit=50 status=200 elapsed_ms=248.38
2026-06-06 18:35:05,199 | INFO | method=GET path=/cotacoes/cliente/1 query=page=1&limit=100 status=200 elapsed_ms=260.00
2026-06-06 18:35:05,354 | INFO | method=GET path=/clientes/1 query=- status=200 elapsed_ms=136.73
2026-06-06 18:35:06,721 | INFO | method=GET path=/cotacoes/1 query=- status=200 elapsed_ms=124.29
2026-06-06 18:35:07,774 | INFO | method=GET path=/clientes/1 query=- status=200 elapsed_ms=121.31
2026-06-06 18:35:07,887 | INFO | method=GET path=/clientes query=limit=5 status=200 elapsed_ms=123.05
2026-06-06 18:35:08,087 | INFO | method=GET path=/cotacoes/cliente/1 query=page=1&limit=100 status=200 elapsed_ms=131.38
2026-06-06 18:35:08,259 | INFO | method=GET path=/cotacoes/6 query=- status=200 elapsed_ms=125.24
2026-06-06 18:35:08,434 | INFO | method=GET path=/chapas query=limit=5&valor_min=0.01 status=200 elapsed_ms=134.55
2026-06-06 18:35:16,326 | INFO | method=GET path=/cotacoes/6 query=- status=200 elapsed_ms=123.76
2026-06-06 18:35:17,759 | INFO | method=GET path=/clientes/1 query=- status=200 elapsed_ms=138.31
2026-06-06 18:35:26,402 | INFO | method=GET path=/cotacoes/6 query=- status=200 elapsed_ms=123.99
2026-06-06 18:35:54,870 | INFO | method=PUT path=/cotacoes/6/desconto query=- status=200 elapsed_ms=362.28
2026-06-06 18:35:55,715 | INFO | method=GET path=/cotacoes/1 query=- status=200 elapsed_ms=120.18
2026-06-06 18:35:56,411 | INFO | method=GET path=/clientes/1 query=- status=200 elapsed_ms=120.48
2026-06-06 18:35:57,186 | INFO | method=GET path=/cotacoes/1 query=- status=200 elapsed_ms=120.10
2026-06-06 18:35:57,852 | INFO | method=GET path=/clientes/1 query=- status=200 elapsed_ms=120.35
2026-06-06 18:35:58,759 | INFO | method=GET path=/cotacoes/6 query=- status=200 elapsed_ms=121.14
2026-06-06 18:35:59,430 | INFO | method=GET path=/clientes/1 query=- status=200 elapsed_ms=120.36
2026-06-06 18:35:59,910 | INFO | method=GET path=/clientes/999999 query=- status=404 elapsed_ms=122.18
2026-06-06 18:36:01,032 | INFO | method=GET path=/clientes/999999 query=- status=404 elapsed_ms=121.73
2026-06-06 18:36:07,031 | INFO | method=GET path=/cotacoes/cliente/1 query=page=1&limit=100 status=200 elapsed_ms=130.79
2026-06-06 18:36:07,167 | INFO | method=GET path=/clientes/1 query=- status=200 elapsed_ms=122.08
2026-06-06 18:36:08,065 | INFO | method=GET path=/cotacoes/1 query=- status=200 elapsed_ms=124.42
2026-06-06 18:36:08,826 | INFO | method=GET path=/clientes/1 query=- status=200 elapsed_ms=122.00
2026-06-06 18:36:11,727 | INFO | method=GET path=/cotacoes/2 query=- status=200 elapsed_ms=123.66
2026-06-06 18:36:12,805 | INFO | method=GET path=/clientes/1 query=- status=200 elapsed_ms=121.65
2026-06-06 18:36:30,538 | INFO | method=GET path=/health query=- status=200 elapsed_ms=172.20
2026-06-06 18:37:12,913 | INFO | method=GET path=/chapas query=limit=30&nome=MARSALA&espessura_min=14.5&espessura_max=15.5&valor_min=0.01 status=200 elapsed_ms=129.84
2026-06-06 18:37:27,261 | INFO | method=GET path=/chapas query=limit=30&nome=MARSALA&espessura_min=5.5&espessura_max=6.5&valor_min=0.01 status=200 elapsed_ms=132.21
2026-06-06 18:37:41,836 | INFO | method=GET path=/fitas query=limit=100&nome=MARSALA&rolo_min=1&valor_min=0.01 status=200 elapsed_ms=130.22
2026-06-06 18:40:41,997 | INFO | method=POST path=/clientes query=- status=201 elapsed_ms=263.35
2026-06-06 18:41:06,849 | INFO | method=POST path=/cotacoes query=- status=201 elapsed_ms=251.04
2026-06-06 18:41:13,060 | INFO | method=GET path=/clientes/6 query=- status=200 elapsed_ms=120.54
2026-06-06 18:42:37,894 | INFO | method=POST path=/cotacoes query=- status=201 elapsed_ms=243.68
2026-06-06 18:42:47,532 | INFO | method=GET path=/clientes/6 query=- status=200 elapsed_ms=121.14
2026-06-06 18:43:18,703 | INFO | method=GET path=/clientes query=limit=50 status=200 elapsed_ms=134.42
2026-06-06 18:43:24,366 | INFO | method=GET path=/cotacoes/cliente/6 query=page=1&limit=100 status=200 elapsed_ms=129.90
2026-06-06 18:43:24,511 | INFO | method=GET path=/clientes/6 query=- status=200 elapsed_ms=119.54
2026-06-06 18:43:25,110 | INFO | method=GET path=/cotacoes/7 query=- status=200 elapsed_ms=128.21
2026-06-06 18:43:25,603 | INFO | method=GET path=/clientes/6 query=- status=200 elapsed_ms=125.73
2026-06-06 18:43:28,399 | INFO | method=GET path=/cotacoes/8 query=- status=200 elapsed_ms=119.57
2026-06-06 18:43:28,963 | INFO | method=GET path=/clientes/6 query=- status=200 elapsed_ms=123.29
2026-06-06 18:43:33,615 | INFO | method=GET path=/cotacoes/7 query=- status=200 elapsed_ms=123.29
2026-06-06 18:43:34,106 | INFO | method=GET path=/clientes/6 query=- status=200 elapsed_ms=123.64
2026-06-06 18:43:35,518 | INFO | method=GET path=/cotacoes/8 query=- status=200 elapsed_ms=120.59
2026-06-06 18:43:36,008 | INFO | method=GET path=/clientes/6 query=- status=200 elapsed_ms=126.60
2026-06-06 18:43:42,508 | INFO | method=PUT path=/cotacoes/8/desconto query=- status=200 elapsed_ms=362.14
2026-06-06 18:43:43,045 | INFO | method=GET path=/cotacoes/7 query=- status=200 elapsed_ms=122.87
2026-06-06 18:43:43,529 | INFO | method=GET path=/clientes/6 query=- status=200 elapsed_ms=124.26
2026-06-06 18:43:44,038 | INFO | method=GET path=/cotacoes/7 query=- status=200 elapsed_ms=122.05
2026-06-06 18:43:44,654 | INFO | method=GET path=/clientes/6 query=- status=200 elapsed_ms=120.75
2026-06-06 18:43:46,269 | INFO | method=GET path=/cotacoes/8 query=- status=200 elapsed_ms=122.27
2026-06-06 18:43:46,748 | INFO | method=GET path=/clientes/6 query=- status=200 elapsed_ms=119.93
2026-06-06 18:44:17,104 | INFO | method=GET path=/cotacoes/7 query=- status=200 elapsed_ms=121.05
2026-06-06 18:44:17,621 | INFO | method=GET path=/clientes/6 query=- status=200 elapsed_ms=119.88
2026-06-06 18:44:21,289 | INFO | method=GET path=/cotacoes/8 query=- status=200 elapsed_ms=120.05
2026-06-06 18:44:21,820 | INFO | method=GET path=/clientes/6 query=- status=200 elapsed_ms=121.93
2026-06-06 18:54:47,003 | INFO | method=GET path=/health query=- status=200 elapsed_ms=81.55
2026-06-06 18:55:12,574 | INFO | method=GET path=/fitas query=limit=100&nome=branco&rolo_min=1&valor_min=0.01 status=500 elapsed_ms=27.03
2026-06-06 18:55:23,602 | INFO | method=GET path=/fitas query=limit=100&nome=branca&rolo_min=1&valor_min=0.01 status=200 elapsed_ms=1067.60
2026-06-06 18:55:32,962 | INFO | method=GET path=/fitas query=limit=100&nome=TX&rolo_min=1&valor_min=0.01 status=200 elapsed_ms=134.30
2026-06-06 18:55:43,964 | INFO | method=GET path=/chapas query=limit=30&nome=tx&espessura_min=14.6&espessura_max=15.6&valor_min=0.01 status=200 elapsed_ms=137.43
2026-06-06 18:55:58,880 | INFO | method=GET path=/chapas query=limit=30&nome=BRANCO+TX&espessura_min=14.6&espessura_max=15.6&valor_min=0.01 status=200 elapsed_ms=130.98
2026-06-06 18:58:15,356 | INFO | method=GET path=/health query=- status=200 elapsed_ms=121.56
2026-06-06 18:58:55,960 | INFO | method=GET path=/chapas query=limit=30&nome=BRANCO+TX&espessura_min=14.5&espessura_max=15.5&valor_min=0.01 status=200 elapsed_ms=131.11
2026-06-06 18:59:11,289 | INFO | method=GET path=/chapas query=limit=30&nome=BRANCO+TX&espessura_min=5.5&espessura_max=6.5&valor_min=0.01 status=200 elapsed_ms=129.91
2026-06-06 18:59:26,578 | INFO | method=GET path=/fitas query=limit=100&nome=BRANCO+TX&rolo_min=1&valor_min=0.01 status=200 elapsed_ms=131.88
2026-06-06 18:59:49,458 | INFO | method=GET path=/clientes query=limit=50 status=200 elapsed_ms=127.90
2026-06-06 19:00:03,856 | INFO | method=POST path=/cotacoes query=- status=201 elapsed_ms=246.32
2026-06-06 19:00:12,637 | INFO | method=GET path=/clientes/6 query=- status=200 elapsed_ms=122.46
2026-06-06 19:00:24,898 | INFO | method=GET path=/clientes query=limit=50 status=200 elapsed_ms=121.07
2026-06-06 19:00:27,964 | INFO | method=GET path=/cotacoes/cliente/6 query=page=1&limit=100 status=200 elapsed_ms=126.03
2026-06-06 19:00:28,112 | INFO | method=GET path=/clientes/6 query=- status=200 elapsed_ms=126.61
2026-06-06 19:00:28,897 | INFO | method=GET path=/cotacoes/7 query=- status=200 elapsed_ms=122.12
2026-06-06 19:00:29,528 | INFO | method=GET path=/clientes/6 query=- status=200 elapsed_ms=120.44
2026-06-06 19:00:38,051 | INFO | method=GET path=/cotacoes/9 query=- status=200 elapsed_ms=120.76
2026-06-06 19:00:38,666 | INFO | method=GET path=/clientes/6 query=- status=200 elapsed_ms=120.19
2026-06-06 19:00:57,660 | INFO | method=PUT path=/cotacoes/9/desconto query=- status=200 elapsed_ms=362.35
2026-06-06 19:00:58,189 | INFO | method=GET path=/cotacoes/7 query=- status=200 elapsed_ms=121.47
2026-06-06 19:00:58,683 | INFO | method=GET path=/clientes/6 query=- status=200 elapsed_ms=118.95
2026-06-06 19:00:59,203 | INFO | method=GET path=/cotacoes/7 query=- status=200 elapsed_ms=120.42
2026-06-06 19:00:59,736 | INFO | method=GET path=/clientes/6 query=- status=200 elapsed_ms=120.24
2026-06-06 19:01:01,313 | INFO | method=GET path=/cotacoes/9 query=- status=200 elapsed_ms=123.92
2026-06-06 19:01:01,781 | INFO | method=GET path=/clientes/6 query=- status=200 elapsed_ms=121.69
2026-06-06 19:01:06,091 | INFO | method=PUT path=/cotacoes/9/desconto query=- status=200 elapsed_ms=363.98
2026-06-06 19:01:06,649 | INFO | method=GET path=/cotacoes/7 query=- status=200 elapsed_ms=122.60
2026-06-06 19:01:07,127 | INFO | method=GET path=/clientes/6 query=- status=200 elapsed_ms=120.15
2026-06-06 19:01:07,634 | INFO | method=GET path=/cotacoes/7 query=- status=200 elapsed_ms=120.72
2026-06-06 19:01:08,177 | INFO | method=GET path=/clientes/6 query=- status=200 elapsed_ms=120.26
2026-06-06 19:01:08,734 | INFO | method=GET path=/cotacoes/9 query=- status=200 elapsed_ms=120.50
2026-06-06 19:01:09,210 | INFO | method=GET path=/clientes/6 query=- status=200 elapsed_ms=119.65
2026-06-06 19:02:40,921 | INFO | method=GET path=/cotacoes/8 query=- status=200 elapsed_ms=123.65
2026-06-06 19:02:41,465 | INFO | method=GET path=/clientes/6 query=- status=200 elapsed_ms=122.56
2026-06-06 19:02:44,301 | INFO | method=GET path=/cotacoes/7 query=- status=200 elapsed_ms=120.71
2026-06-06 19:02:44,779 | INFO | method=GET path=/clientes/6 query=- status=200 elapsed_ms=121.88
2026-06-06 19:02:46,296 | INFO | method=GET path=/cotacoes/9 query=- status=200 elapsed_ms=171.29
2026-06-06 19:02:46,815 | INFO | method=GET path=/clientes/6 query=- status=200 elapsed_ms=120.01
2026-06-06 19:02:57,627 | INFO | method=GET path=/health query=- status=200 elapsed_ms=120.28
2026-06-06 19:03:14,720 | INFO | method=GET path=/chapas query=limit=30&nome=MARSALA&espessura_min=14.5&espessura_max=15.5&valor_min=0.01 status=200 elapsed_ms=128.27
2026-06-06 19:05:21,291 | INFO | method=GET path=/chapas query=limit=30&nome=MARSALA&espessura_min=5.5&espessura_max=6.5&valor_min=0.01 status=200 elapsed_ms=140.76
2026-06-06 19:05:36,134 | INFO | method=GET path=/fitas query=limit=100&nome=MARSALA&rolo_min=1&valor_min=0.01 status=200 elapsed_ms=136.95
2026-06-06 19:05:58,696 | INFO | method=GET path=/clientes query=limit=50 status=200 elapsed_ms=121.34
2026-06-06 19:06:08,553 | INFO | method=POST path=/cotacoes query=- status=201 elapsed_ms=242.91
2026-06-06 19:06:14,598 | INFO | method=GET path=/clientes/6 query=- status=200 elapsed_ms=122.21
2026-06-06 19:06:46,909 | INFO | method=POST path=/cotacoes query=- status=201 elapsed_ms=243.33
2026-06-06 19:06:54,794 | INFO | method=GET path=/clientes/6 query=- status=200 elapsed_ms=2889.97
2026-06-06 19:08:15,082 | INFO | method=GET path=/cotacoes query=page=1&limit=100 status=200 elapsed_ms=147.47
2026-06-06 19:08:15,232 | INFO | method=GET path=/clientes/1 query=- status=200 elapsed_ms=121.26
2026-06-06 19:08:15,377 | INFO | method=GET path=/clientes/4 query=- status=404 elapsed_ms=128.18
2026-06-06 19:08:15,554 | INFO | method=GET path=/clientes/6 query=- status=200 elapsed_ms=120.56
2026-06-06 19:08:16,161 | INFO | method=GET path=/cotacoes/1 query=- status=200 elapsed_ms=124.38
2026-06-06 19:08:16,718 | INFO | method=GET path=/clientes/1 query=- status=200 elapsed_ms=123.13
2026-06-06 19:08:18,966 | INFO | method=GET path=/cotacoes/11 query=- status=200 elapsed_ms=120.73
2026-06-06 19:08:19,488 | INFO | method=GET path=/clientes/6 query=- status=200 elapsed_ms=122.49
2026-06-06 19:08:24,678 | INFO | method=GET path=/cotacoes/10 query=- status=200 elapsed_ms=121.84
2026-06-06 19:08:25,166 | INFO | method=GET path=/clientes/6 query=- status=200 elapsed_ms=119.75
2026-06-06 19:08:27,005 | INFO | method=GET path=/cotacoes/11 query=- status=200 elapsed_ms=122.34
2026-06-06 19:08:27,515 | INFO | method=GET path=/clientes/6 query=- status=200 elapsed_ms=119.80
2026-06-06 19:09:43,664 | INFO | method=PUT path=/cotacoes/11/desconto query=- status=200 elapsed_ms=361.29
2026-06-06 19:09:44,252 | INFO | method=GET path=/cotacoes/1 query=- status=200 elapsed_ms=122.73
2026-06-06 19:09:44,786 | INFO | method=GET path=/clientes/1 query=- status=200 elapsed_ms=121.72
2026-06-06 19:09:45,326 | INFO | method=GET path=/cotacoes/1 query=- status=200 elapsed_ms=120.22
2026-06-06 19:09:45,852 | INFO | method=GET path=/clientes/1 query=- status=200 elapsed_ms=119.67
2026-06-06 19:09:47,567 | INFO | method=GET path=/cotacoes/11 query=- status=200 elapsed_ms=121.38
2026-06-06 19:09:48,113 | INFO | method=GET path=/clientes/6 query=- status=200 elapsed_ms=123.23
2026-06-06 19:10:04,551 | INFO | method=GET path=/cotacoes/11 query=- status=200 elapsed_ms=120.76
2026-06-06 19:10:05,223 | INFO | method=GET path=/clientes/6 query=- status=200 elapsed_ms=124.44
2026-06-06 19:10:57,817 | INFO | method=GET path=/health query=- status=200 elapsed_ms=243.36
2026-06-06 19:11:26,759 | INFO | method=GET path=/chapas query=limit=30&nome=marsala&espessura_min=14.5&espessura_max=15.5&valor_min=0.01 status=200 elapsed_ms=160.39
2026-06-06 19:11:43,553 | INFO | method=GET path=/chapas query=limit=30&nome=marsala&espessura_min=5.5&espessura_max=6.5&valor_min=0.01 status=200 elapsed_ms=133.98
2026-06-06 19:12:02,134 | INFO | method=GET path=/fitas query=limit=100&nome=marsala&rolo_min=1&valor_min=0.01 status=200 elapsed_ms=134.19
2026-06-06 19:12:54,835 | INFO | method=GET path=/fitas query=limit=100&nome=marsala&rolo_min=1&valor_min=0.01 status=200 elapsed_ms=138.14
2026-06-06 19:13:15,555 | INFO | method=GET path=/fitas query=limit=100&nome=marsala+matt&rolo_min=1&valor_min=0.01 status=200 elapsed_ms=133.49
2026-06-06 19:13:42,398 | INFO | method=GET path=/clientes query=limit=50 status=200 elapsed_ms=125.26
2026-06-06 19:14:04,684 | INFO | method=POST path=/cotacoes query=- status=201 elapsed_ms=251.45
2026-06-06 19:14:10,343 | INFO | method=GET path=/clientes/6 query=- status=200 elapsed_ms=121.91
2026-06-06 19:14:22,307 | INFO | method=GET path=/clientes query=limit=50 status=200 elapsed_ms=121.20
2026-06-06 19:14:23,825 | INFO | method=GET path=/cotacoes/cliente/6 query=page=1&limit=100 status=200 elapsed_ms=123.42
2026-06-06 19:14:23,975 | INFO | method=GET path=/clientes/6 query=- status=200 elapsed_ms=120.77
2026-06-06 19:14:24,506 | INFO | method=GET path=/cotacoes/9 query=- status=200 elapsed_ms=121.61
2026-06-06 19:14:25,001 | INFO | method=GET path=/clientes/6 query=- status=200 elapsed_ms=122.60
2026-06-06 19:14:26,398 | INFO | method=GET path=/cotacoes/11 query=- status=200 elapsed_ms=122.60
2026-06-06 19:14:26,911 | INFO | method=GET path=/clientes/6 query=- status=200 elapsed_ms=120.02
2026-06-06 19:14:27,565 | INFO | method=GET path=/cotacoes/12 query=- status=200 elapsed_ms=122.20
2026-06-06 19:14:28,087 | INFO | method=GET path=/clientes/6 query=- status=200 elapsed_ms=119.19
2026-06-06 19:14:31,477 | INFO | method=GET path=/cotacoes/12 query=- status=200 elapsed_ms=122.58
2026-06-06 19:14:31,985 | INFO | method=GET path=/clientes/6 query=- status=200 elapsed_ms=119.90
2026-06-06 19:14:32,950 | INFO | method=GET path=/cotacoes/11 query=- status=200 elapsed_ms=121.93
2026-06-06 19:14:33,460 | INFO | method=GET path=/clientes/6 query=- status=200 elapsed_ms=120.31
2026-06-06 19:21:17,163 | INFO | method=GET path=/health query=- status=200 elapsed_ms=124.82
2026-06-06 19:23:11,980 | INFO | method=GET path=/chapas query=limit=30&espessura_min=14.5&espessura_max=15.5&valor_min=0.01 status=200 elapsed_ms=151.74
2026-06-06 19:23:20,926 | INFO | method=GET path=/chapas query=limit=30&espessura_min=14.5&espessura_max=15.5&subcategoria=MDF&valor_min=0.01 status=200 elapsed_ms=134.94
2026-06-06 19:23:33,152 | INFO | method=GET path=/chapas query=limit=30&nome=branco+tx&espessura_min=14.5&espessura_max=15.5&subcategoria=MDF&valor_min=0.01 status=200 elapsed_ms=133.70
2026-06-06 19:23:59,954 | INFO | method=GET path=/chapas query=limit=30&nome=preto&espessura_min=5.5&espessura_max=6.5&valor_min=0.01 status=200 elapsed_ms=132.05
2026-06-06 19:24:06,158 | INFO | method=GET path=/chapas query=limit=30&nome=preto+tx&espessura_min=5.5&espessura_max=6.5&valor_min=0.01 status=200 elapsed_ms=130.21
2026-06-06 19:24:20,183 | INFO | method=GET path=/fitas query=limit=100&nome=branco+tx&rolo_min=1&valor_min=0.01 status=200 elapsed_ms=132.58
2026-06-06 19:24:58,727 | INFO | method=GET path=/clientes query=limit=50 status=200 elapsed_ms=255.52
2026-06-06 19:25:13,626 | INFO | method=POST path=/cotacoes query=- status=201 elapsed_ms=387.10
2026-06-06 19:25:20,580 | INFO | method=GET path=/clientes/1 query=- status=200 elapsed_ms=127.18
2026-06-06 19:25:43,285 | INFO | method=GET path=/clientes query=limit=50 status=200 elapsed_ms=121.60
2026-06-06 19:25:45,432 | INFO | method=GET path=/cotacoes/cliente/1 query=page=1&limit=100 status=200 elapsed_ms=125.72
2026-06-06 19:25:45,556 | INFO | method=GET path=/clientes/1 query=- status=200 elapsed_ms=120.39
2026-06-06 19:25:46,236 | INFO | method=GET path=/cotacoes/1 query=- status=200 elapsed_ms=123.21
2026-06-06 19:25:47,065 | INFO | method=GET path=/clientes/1 query=- status=200 elapsed_ms=120.51
2026-06-06 19:25:49,071 | INFO | method=GET path=/cotacoes/13 query=- status=200 elapsed_ms=120.79
2026-06-06 19:25:49,753 | INFO | method=GET path=/clientes/1 query=- status=200 elapsed_ms=119.62
2026-06-06 19:25:56,734 | INFO | method=PUT path=/cotacoes/13/desconto query=- status=200 elapsed_ms=359.07
2026-06-06 19:25:57,343 | INFO | method=GET path=/cotacoes/1 query=- status=200 elapsed_ms=119.11
2026-06-06 19:25:57,958 | INFO | method=GET path=/clientes/1 query=- status=200 elapsed_ms=121.01
2026-06-06 19:25:58,696 | INFO | method=GET path=/cotacoes/1 query=- status=200 elapsed_ms=120.91
2026-06-06 19:25:59,351 | INFO | method=GET path=/clientes/1 query=- status=200 elapsed_ms=121.42
2026-06-06 19:26:01,263 | INFO | method=GET path=/cotacoes/13 query=- status=200 elapsed_ms=119.91
2026-06-06 19:26:01,886 | INFO | method=GET path=/clientes/1 query=- status=200 elapsed_ms=126.35
2026-06-07 01:14:29,131 | INFO | method=GET path=/health query=- status=200 elapsed_ms=87.75
2026-06-07 01:15:17,790 | INFO | method=GET path=/chapas query=limit=30&nome=CARVALHO&espessura_min=14.5&espessura_max=15.5&valor_min=0.01 status=500 elapsed_ms=33.19
2026-06-07 01:15:22,013 | INFO | method=GET path=/chapas query=limit=30&nome=CARVALHO&espessura_min=14.5&espessura_max=15.5&valor_min=0.01 status=200 elapsed_ms=1039.38
2026-06-07 01:15:37,716 | INFO | method=GET path=/chapas query=limit=30&nome=CARVALHO+H&espessura_min=14.5&espessura_max=15.5&valor_min=0.01 status=200 elapsed_ms=143.68
2026-06-07 01:15:49,025 | INFO | method=GET path=/chapas query=limit=30&nome=CARVALHO+H&espessura_min=5.5&espessura_max=6.5&valor_min=0.01 status=200 elapsed_ms=135.04
2026-06-07 01:16:00,070 | INFO | method=GET path=/fitas query=limit=100&nome=CARVALHO+H&rolo_min=1&valor_min=0.01 status=200 elapsed_ms=133.39
2026-06-07 01:18:01,315 | INFO | method=POST path=/clientes query=- status=201 elapsed_ms=252.58
2026-06-07 01:18:11,900 | INFO | method=POST path=/cotacoes query=- status=201 elapsed_ms=248.22
2026-06-07 01:18:26,040 | INFO | method=GET path=/clientes/7 query=- status=200 elapsed_ms=122.05
2026-06-07 01:19:30,896 | INFO | method=POST path=/cotacoes query=- status=201 elapsed_ms=246.20
2026-06-07 01:19:45,957 | INFO | method=GET path=/clientes/7 query=- status=200 elapsed_ms=120.01
2026-06-07 01:22:32,730 | INFO | method=GET path=/clientes query=limit=50 status=200 elapsed_ms=141.11
2026-06-07 01:22:36,254 | INFO | method=GET path=/cotacoes query=page=1&limit=100 status=200 elapsed_ms=143.70
2026-06-07 01:22:36,381 | INFO | method=GET path=/clientes/1 query=- status=200 elapsed_ms=124.39
2026-06-07 01:22:36,509 | INFO | method=GET path=/clientes/4 query=- status=404 elapsed_ms=124.38
2026-06-07 01:22:36,678 | INFO | method=GET path=/clientes/6 query=- status=200 elapsed_ms=119.59
2026-06-07 01:22:36,818 | INFO | method=GET path=/clientes/7 query=- status=200 elapsed_ms=120.64
2026-06-07 01:22:37,334 | INFO | method=GET path=/cotacoes/1 query=- status=200 elapsed_ms=123.01
2026-06-07 01:22:37,825 | INFO | method=GET path=/clientes/1 query=- status=200 elapsed_ms=120.97
2026-06-07 01:22:40,811 | INFO | method=GET path=/cotacoes/15 query=- status=200 elapsed_ms=120.67
2026-06-07 01:22:41,300 | INFO | method=GET path=/clientes/7 query=- status=200 elapsed_ms=121.03
2026-06-07 01:22:54,616 | INFO | method=GET path=/cotacoes/14 query=- status=200 elapsed_ms=123.11
2026-06-07 01:22:55,102 | INFO | method=GET path=/clientes/7 query=- status=200 elapsed_ms=120.87
2026-06-07 01:23:01,702 | INFO | method=GET path=/cotacoes query=page=1&limit=100 status=200 elapsed_ms=123.19
2026-06-07 01:23:01,849 | INFO | method=GET path=/clientes/1 query=- status=200 elapsed_ms=120.42
2026-06-07 01:23:01,991 | INFO | method=GET path=/clientes/4 query=- status=404 elapsed_ms=121.92
2026-06-07 01:23:02,161 | INFO | method=GET path=/clientes/6 query=- status=200 elapsed_ms=121.91
2026-06-07 01:23:02,297 | INFO | method=GET path=/clientes/7 query=- status=200 elapsed_ms=120.97
2026-06-07 01:23:02,829 | INFO | method=GET path=/cotacoes/1 query=- status=200 elapsed_ms=121.22
2026-06-07 01:23:03,343 | INFO | method=GET path=/clientes/1 query=- status=200 elapsed_ms=123.39
2026-06-07 01:23:06,745 | INFO | method=GET path=/cotacoes/15 query=- status=200 elapsed_ms=120.25
2026-06-07 01:23:07,253 | INFO | method=GET path=/clientes/7 query=- status=200 elapsed_ms=121.48
2026-06-07 01:24:07,200 | INFO | method=GET path=/health query=- status=200 elapsed_ms=121.17
2026-06-07 01:42:45,947 | INFO | method=GET path=/health query=- status=200 elapsed_ms=68.50
2026-06-07 01:42:58,828 | INFO | method=GET path=/cotacoes query=page=1&limit=100 status=500 elapsed_ms=27.75
2026-06-07 01:43:04,921 | INFO | method=GET path=/cotacoes query=page=1&limit=100 status=200 elapsed_ms=1178.25
2026-06-07 01:43:05,183 | INFO | method=GET path=/clientes/1 query=- status=200 elapsed_ms=246.17
2026-06-07 01:43:05,321 | INFO | method=GET path=/clientes/4 query=- status=404 elapsed_ms=122.78
2026-06-07 01:43:05,504 | INFO | method=GET path=/clientes/6 query=- status=200 elapsed_ms=131.77
2026-06-07 01:43:05,636 | INFO | method=GET path=/clientes/7 query=- status=200 elapsed_ms=121.20
2026-06-07 01:43:06,575 | INFO | method=GET path=/cotacoes/1 query=- status=200 elapsed_ms=140.10
2026-06-07 01:43:07,443 | INFO | method=GET path=/clientes/1 query=- status=200 elapsed_ms=120.55
2026-06-07 01:43:08,259 | INFO | method=GET path=/cotacoes/1 query=- status=200 elapsed_ms=121.50
2026-06-07 01:43:12,273 | INFO | method=GET path=/cotacoes/15 query=- status=200 elapsed_ms=121.20
2026-06-07 01:43:13,069 | INFO | method=GET path=/clientes/7 query=- status=200 elapsed_ms=119.86
2026-06-07 01:44:03,331 | INFO | method=GET path=/cotacoes/15 query=- status=200 elapsed_ms=242.05
2026-06-07 01:44:04,012 | INFO | method=GET path=/clientes/7 query=- status=200 elapsed_ms=240.36
2026-06-07 01:44:04,607 | INFO | method=GET path=/cotacoes/15 query=- status=200 elapsed_ms=119.03
2026-06-07 01:44:05,670 | INFO | method=GET path=/cotacoes/15 query=- status=200 elapsed_ms=118.74
2026-06-07 01:44:05,804 | INFO | method=GET path=/clientes/7 query=- status=200 elapsed_ms=119.28
2026-06-07 01:45:28,874 | INFO | method=GET path=/cotacoes/15 query=- status=200 elapsed_ms=256.89
2026-06-07 01:45:29,136 | INFO | method=GET path=/clientes/7 query=- status=200 elapsed_ms=238.98
