[06/06/2026 18:34:36] COMMAND command=health_check status=OK elapsed_ms=1691
[06/06/2026 18:35:01] COMMAND command=search_clientes status=OK elapsed_ms=1546
[06/06/2026 18:35:05] COMMAND command=search_cotacoes status=OK elapsed_ms=1839
[06/06/2026 18:35:06] COMMAND command=get_cotacao status=OK elapsed_ms=1177
[06/06/2026 18:35:07] COMMAND command=get_cliente status=OK elapsed_ms=1023
[06/06/2026 18:35:16] COMMAND command=get_cotacao status=OK elapsed_ms=1463
[06/06/2026 18:35:17] COMMAND command=get_cliente status=OK elapsed_ms=1530
[06/06/2026 18:35:54] COMMAND command=update_desconto_cotacao status=OK elapsed_ms=1075
[06/06/2026 18:35:55] COMMAND command=get_cotacao status=OK elapsed_ms=811
[06/06/2026 18:35:56] COMMAND command=get_cliente status=OK elapsed_ms=648
[06/06/2026 18:35:57] COMMAND command=get_cotacao status=OK elapsed_ms=719
[06/06/2026 18:35:57] COMMAND command=get_cliente status=OK elapsed_ms=739
[06/06/2026 18:35:58] COMMAND command=get_cotacao status=OK elapsed_ms=731
[06/06/2026 18:35:59] COMMAND command=get_cliente status=OK elapsed_ms=645
[06/06/2026 18:36:07] COMMAND command=search_cotacoes status=OK elapsed_ms=1022
[06/06/2026 18:36:08] COMMAND command=get_cotacao status=OK elapsed_ms=892
[06/06/2026 18:36:08] COMMAND command=get_cliente status=OK elapsed_ms=733
[06/06/2026 18:36:11] COMMAND command=get_cotacao status=OK elapsed_ms=901
[06/06/2026 18:36:12] COMMAND command=get_cliente status=OK elapsed_ms=1092
[06/06/2026 18:36:30] COMMAND command=health_check status=OK elapsed_ms=793
[06/06/2026 18:37:13] COMMAND command=search_chapas status=OK elapsed_ms=1144
[06/06/2026 18:37:27] COMMAND command=search_chapas status=OK elapsed_ms=870
[06/06/2026 18:37:41] COMMAND command=search_fitas status=OK elapsed_ms=575
[06/06/2026 18:40:42] COMMAND command=create_cliente status=OK elapsed_ms=835
[06/06/2026 18:41:06] COMMAND command=create_cotacao status=OK elapsed_ms=658
[06/06/2026 18:41:13] COMMAND command=get_cliente status=OK elapsed_ms=598
[06/06/2026 18:42:37] COMMAND command=create_cotacao status=OK elapsed_ms=742
[06/06/2026 18:42:47] COMMAND command=get_cliente status=OK elapsed_ms=511
[06/06/2026 18:43:18] COMMAND command=search_clientes status=OK elapsed_ms=568
[06/06/2026 18:43:24] COMMAND command=search_cotacoes status=OK elapsed_ms=765
[06/06/2026 18:43:25] COMMAND command=get_cotacao status=OK elapsed_ms=489
[06/06/2026 18:43:25] COMMAND command=get_cliente status=OK elapsed_ms=490
[06/06/2026 18:43:28] COMMAND command=get_cotacao status=OK elapsed_ms=602
[06/06/2026 18:43:29] COMMAND command=get_cliente status=OK elapsed_ms=564
[06/06/2026 18:43:33] COMMAND command=get_cotacao status=OK elapsed_ms=488
[06/06/2026 18:43:34] COMMAND command=get_cliente status=OK elapsed_ms=485
[06/06/2026 18:43:35] COMMAND command=get_cotacao status=OK elapsed_ms=504
[06/06/2026 18:43:36] COMMAND command=get_cliente status=OK elapsed_ms=484
[06/06/2026 18:43:42] COMMAND command=update_desconto_cotacao status=OK elapsed_ms=730
[06/06/2026 18:43:43] COMMAND command=get_cotacao status=OK elapsed_ms=483
[06/06/2026 18:43:43] COMMAND command=get_cliente status=OK elapsed_ms=485
[06/06/2026 18:43:44] COMMAND command=get_cotacao status=OK elapsed_ms=526
[06/06/2026 18:43:44] COMMAND command=get_cliente status=OK elapsed_ms=570
[06/06/2026 18:43:46] COMMAND command=get_cotacao status=OK elapsed_ms=487
[06/06/2026 18:43:46] COMMAND command=get_cliente status=OK elapsed_ms=485
[06/06/2026 18:44:17] COMMAND command=get_cotacao status=OK elapsed_ms=490
[06/06/2026 18:44:17] COMMAND command=get_cliente status=OK elapsed_ms=564
[06/06/2026 18:44:21] COMMAND command=get_cotacao status=OK elapsed_ms=487
[06/06/2026 18:44:21] COMMAND command=get_cliente status=OK elapsed_ms=572
[06/06/2026 18:54:47] COMMAND command=health_check status=OK elapsed_ms=802
[06/06/2026 18:55:12] COMMAND command=search_fitas status=FAIL elapsed_ms=715
[06/06/2026 18:55:23] COMMAND command=search_fitas status=OK elapsed_ms=1620
[06/06/2026 18:55:32] COMMAND command=search_fitas status=OK elapsed_ms=494
[06/06/2026 18:55:43] COMMAND command=search_chapas status=OK elapsed_ms=494
[06/06/2026 18:55:58] COMMAND command=search_chapas status=OK elapsed_ms=491
[06/06/2026 18:58:15] COMMAND command=health_check status=OK elapsed_ms=730
[06/06/2026 18:58:56] COMMAND command=search_chapas status=OK elapsed_ms=722
[06/06/2026 18:59:11] COMMAND command=search_chapas status=OK elapsed_ms=608
[06/06/2026 18:59:26] COMMAND command=search_fitas status=OK elapsed_ms=500
[06/06/2026 18:59:49] COMMAND command=search_clientes status=OK elapsed_ms=492
[06/06/2026 19:00:03] COMMAND command=create_cotacao status=OK elapsed_ms=662
[06/06/2026 19:00:12] COMMAND command=get_cliente status=OK elapsed_ms=510
[06/06/2026 19:00:25] COMMAND command=search_clientes status=OK elapsed_ms=720
[06/06/2026 19:00:28] COMMAND command=search_cotacoes status=OK elapsed_ms=887
[06/06/2026 19:00:28] COMMAND command=get_cotacao status=OK elapsed_ms=595
[06/06/2026 19:00:29] COMMAND command=get_cliente status=OK elapsed_ms=723
[06/06/2026 19:00:38] COMMAND command=get_cotacao status=OK elapsed_ms=597
[06/06/2026 19:00:38] COMMAND command=get_cliente status=OK elapsed_ms=711
[06/06/2026 19:00:57] COMMAND command=update_desconto_cotacao status=OK elapsed_ms=730
[06/06/2026 19:00:58] COMMAND command=get_cotacao status=OK elapsed_ms=483
[06/06/2026 19:00:58] COMMAND command=get_cliente status=OK elapsed_ms=485
[06/06/2026 19:00:59] COMMAND command=get_cotacao status=OK elapsed_ms=555
[06/06/2026 19:00:59] COMMAND command=get_cliente status=OK elapsed_ms=489
[06/06/2026 19:01:01] COMMAND command=get_cotacao status=OK elapsed_ms=489
[06/06/2026 19:01:01] COMMAND command=get_cliente status=OK elapsed_ms=486
[06/06/2026 19:01:06] COMMAND command=update_desconto_cotacao status=OK elapsed_ms=731
[06/06/2026 19:01:06] COMMAND command=get_cotacao status=OK elapsed_ms=487
[06/06/2026 19:01:07] COMMAND command=get_cliente status=OK elapsed_ms=485
[06/06/2026 19:01:07] COMMAND command=get_cotacao status=OK elapsed_ms=534
[06/06/2026 19:01:08] COMMAND command=get_cliente status=OK elapsed_ms=490
[06/06/2026 19:01:08] COMMAND command=get_cotacao status=OK elapsed_ms=489
[06/06/2026 19:01:09] COMMAND command=get_cliente status=OK elapsed_ms=484
[06/06/2026 19:02:41] COMMAND command=get_cotacao status=OK elapsed_ms=569
[06/06/2026 19:02:41] COMMAND command=get_cliente status=OK elapsed_ms=493
[06/06/2026 19:02:44] COMMAND command=get_cotacao status=OK elapsed_ms=488
[06/06/2026 19:02:44] COMMAND command=get_cliente status=OK elapsed_ms=487
[06/06/2026 19:02:46] COMMAND command=get_cotacao status=OK elapsed_ms=571
[06/06/2026 19:02:46] COMMAND command=get_cliente status=OK elapsed_ms=485
[06/06/2026 19:02:57] COMMAND command=health_check status=OK elapsed_ms=731
[06/06/2026 19:03:14] COMMAND command=search_chapas status=OK elapsed_ms=690
[06/06/2026 19:05:21] COMMAND command=search_chapas status=OK elapsed_ms=580
[06/06/2026 19:05:36] COMMAND command=search_fitas status=OK elapsed_ms=492
[06/06/2026 19:05:58] COMMAND command=search_clientes status=OK elapsed_ms=524
[06/06/2026 19:06:08] COMMAND command=create_cotacao status=OK elapsed_ms=658
[06/06/2026 19:06:14] COMMAND command=get_cliente status=OK elapsed_ms=513
[06/06/2026 19:06:46] COMMAND command=create_cotacao status=OK elapsed_ms=655
[06/06/2026 19:06:54] COMMAND command=get_cliente status=OK elapsed_ms=3294
[06/06/2026 19:08:15] COMMAND command=search_cotacoes status=OK elapsed_ms=1165
[06/06/2026 19:08:16] COMMAND command=get_cotacao status=OK elapsed_ms=569
[06/06/2026 19:08:16] COMMAND command=get_cliente status=OK elapsed_ms=567
[06/06/2026 19:08:19] COMMAND command=get_cotacao status=OK elapsed_ms=567
[06/06/2026 19:08:19] COMMAND command=get_cliente status=OK elapsed_ms=485
[06/06/2026 19:08:24] COMMAND command=get_cotacao status=OK elapsed_ms=494
[06/06/2026 19:08:25] COMMAND command=get_cliente status=OK elapsed_ms=490
[06/06/2026 19:08:27] COMMAND command=get_cotacao status=OK elapsed_ms=520
[06/06/2026 19:08:27] COMMAND command=get_cliente status=OK elapsed_ms=513
[06/06/2026 19:09:43] COMMAND command=update_desconto_cotacao status=OK elapsed_ms=734
[06/06/2026 19:09:44] COMMAND command=get_cotacao status=OK elapsed_ms=570
[06/06/2026 19:09:44] COMMAND command=get_cliente status=OK elapsed_ms=486
[06/06/2026 19:09:45] COMMAND command=get_cotacao status=OK elapsed_ms=524
[06/06/2026 19:09:45] COMMAND command=get_cliente status=OK elapsed_ms=569
[06/06/2026 19:09:47] COMMAND command=get_cotacao status=OK elapsed_ms=571
[06/06/2026 19:09:48] COMMAND command=get_cliente status=OK elapsed_ms=483
[06/06/2026 19:10:04] COMMAND command=get_cotacao status=OK elapsed_ms=688
[06/06/2026 19:10:05] COMMAND command=get_cliente status=OK elapsed_ms=760
[06/06/2026 19:10:57] COMMAND command=health_check status=OK elapsed_ms=913
[06/06/2026 19:11:26] COMMAND command=search_chapas status=OK elapsed_ms=732
[06/06/2026 19:11:43] COMMAND command=search_chapas status=OK elapsed_ms=735
[06/06/2026 19:12:02] COMMAND command=search_fitas status=OK elapsed_ms=577
[06/06/2026 19:12:54] COMMAND command=search_fitas status=OK elapsed_ms=510
[06/06/2026 19:13:15] COMMAND command=search_fitas status=OK elapsed_ms=493
[06/06/2026 19:13:42] COMMAND command=search_clientes status=OK elapsed_ms=493
[06/06/2026 19:14:04] COMMAND command=create_cotacao status=OK elapsed_ms=656
[06/06/2026 19:14:10] COMMAND command=get_cliente status=OK elapsed_ms=515
[06/06/2026 19:14:22] COMMAND command=search_clientes status=OK elapsed_ms=487
[06/06/2026 19:14:24] COMMAND command=search_cotacoes status=OK elapsed_ms=677
[06/06/2026 19:14:24] COMMAND command=get_cotacao status=OK elapsed_ms=485
[06/06/2026 19:14:25] COMMAND command=get_cliente status=OK elapsed_ms=488
[06/06/2026 19:14:26] COMMAND command=get_cotacao status=OK elapsed_ms=492
[06/06/2026 19:14:26] COMMAND command=get_cliente status=OK elapsed_ms=497
[06/06/2026 19:14:27] COMMAND command=get_cotacao status=OK elapsed_ms=488
[06/06/2026 19:14:28] COMMAND command=get_cliente status=OK elapsed_ms=529
[06/06/2026 19:14:31] COMMAND command=get_cotacao status=OK elapsed_ms=597
[06/06/2026 19:14:32] COMMAND command=get_cliente status=OK elapsed_ms=557
[06/06/2026 19:14:32] COMMAND command=get_cotacao status=OK elapsed_ms=486
[06/06/2026 19:14:33] COMMAND command=get_cliente status=OK elapsed_ms=581
[06/06/2026 19:21:17] COMMAND command=health_check status=OK elapsed_ms=1701
[06/06/2026 19:23:12] COMMAND command=search_chapas status=OK elapsed_ms=1260
[06/06/2026 19:23:21] COMMAND command=search_chapas status=OK elapsed_ms=1059
[06/06/2026 19:23:33] COMMAND command=search_chapas status=OK elapsed_ms=1036
[06/06/2026 19:24:00] COMMAND command=search_chapas status=OK elapsed_ms=794
[06/06/2026 19:24:06] COMMAND command=search_chapas status=OK elapsed_ms=684
[06/06/2026 19:24:20] COMMAND command=search_fitas status=OK elapsed_ms=576
[06/06/2026 19:24:58] COMMAND command=search_clientes status=OK elapsed_ms=751
[06/06/2026 19:25:13] COMMAND command=create_cotacao status=OK elapsed_ms=1071
[06/06/2026 19:25:20] COMMAND command=get_cliente status=OK elapsed_ms=794
[06/06/2026 19:25:43] COMMAND command=search_clientes status=OK elapsed_ms=575
[06/06/2026 19:25:45] COMMAND command=search_cotacoes status=OK elapsed_ms=770
[06/06/2026 19:25:46] COMMAND command=get_cotacao status=OK elapsed_ms=651
[06/06/2026 19:25:47] COMMAND command=get_cliente status=OK elapsed_ms=818
[06/06/2026 19:25:49] COMMAND command=get_cotacao status=OK elapsed_ms=732
[06/06/2026 19:25:49] COMMAND command=get_cliente status=OK elapsed_ms=647
[06/06/2026 19:25:56] COMMAND command=update_desconto_cotacao status=OK elapsed_ms=892
[06/06/2026 19:25:57] COMMAND command=get_cotacao status=OK elapsed_ms=566
[06/06/2026 19:25:58] COMMAND command=get_cliente status=OK elapsed_ms=657
[06/06/2026 19:25:58] COMMAND command=get_cotacao status=OK elapsed_ms=707
[06/06/2026 19:25:59] COMMAND command=get_cliente status=OK elapsed_ms=648
[06/06/2026 19:26:01] COMMAND command=get_cotacao status=OK elapsed_ms=576
[06/06/2026 19:26:01] COMMAND command=get_cliente status=OK elapsed_ms=575
[07/06/2026 01:14:29] COMMAND command=health_check status=OK elapsed_ms=714
[07/06/2026 01:15:18] COMMAND command=search_chapas status=FAIL elapsed_ms=798
[07/06/2026 01:15:22] COMMAND command=search_chapas status=OK elapsed_ms=1536
[07/06/2026 01:15:37] COMMAND command=search_chapas status=OK elapsed_ms=494
[07/06/2026 01:15:49] COMMAND command=search_chapas status=OK elapsed_ms=494
[07/06/2026 01:16:00] COMMAND command=search_fitas status=OK elapsed_ms=546
[07/06/2026 01:18:01] COMMAND command=create_cliente status=OK elapsed_ms=651
[07/06/2026 01:18:11] COMMAND command=create_cotacao status=OK elapsed_ms=659
[07/06/2026 01:18:26] COMMAND command=get_cliente status=OK elapsed_ms=506
[07/06/2026 01:19:30] COMMAND command=create_cotacao status=OK elapsed_ms=663
[07/06/2026 01:19:45] COMMAND command=get_cliente status=OK elapsed_ms=528
[07/06/2026 01:22:32] COMMAND command=search_clientes status=OK elapsed_ms=571
[07/06/2026 01:22:36] COMMAND command=search_cotacoes status=OK elapsed_ms=1108
[07/06/2026 01:22:37] COMMAND command=get_cotacao status=OK elapsed_ms=485
[07/06/2026 01:22:37] COMMAND command=get_cliente status=OK elapsed_ms=487
[07/06/2026 01:22:40] COMMAND command=get_cotacao status=OK elapsed_ms=489
[07/06/2026 01:22:41] COMMAND command=get_cliente status=OK elapsed_ms=492
[07/06/2026 01:22:54] COMMAND command=get_cotacao status=OK elapsed_ms=492
[07/06/2026 01:22:55] COMMAND command=get_cliente status=OK elapsed_ms=531
[07/06/2026 01:23:02] COMMAND command=search_cotacoes status=OK elapsed_ms=1077
[07/06/2026 01:23:02] COMMAND command=get_cotacao status=OK elapsed_ms=486
[07/06/2026 01:23:03] COMMAND command=get_cliente status=OK elapsed_ms=490
[07/06/2026 01:23:06] COMMAND command=get_cotacao status=OK elapsed_ms=574
[07/06/2026 01:23:08] COMMAND command=get_cliente status=OK elapsed_ms=1820
[07/06/2026 01:24:07] COMMAND command=health_check status=OK elapsed_ms=572
[07/06/2026 01:42:46] COMMAND command=health_check status=OK elapsed_ms=1083
[07/06/2026 01:42:58] COMMAND command=search_cotacoes status=FAIL elapsed_ms=808
[07/06/2026 01:43:05] COMMAND command=search_cotacoes status=OK elapsed_ms=2618
[07/06/2026 01:43:06] COMMAND command=get_cotacao status=OK elapsed_ms=820
[07/06/2026 01:43:07] COMMAND command=get_cliente status=OK elapsed_ms=807
[07/06/2026 01:43:08] COMMAND command=get_cotacao_items status=OK elapsed_ms=793
[07/06/2026 01:43:12] COMMAND command=get_cotacao status=OK elapsed_ms=954
[07/06/2026 01:43:13] COMMAND command=get_cliente status=OK elapsed_ms=744
[07/06/2026 01:44:03] COMMAND command=get_cotacao status=OK elapsed_ms=745
[07/06/2026 01:44:04] COMMAND command=get_cliente status=OK elapsed_ms=752
[07/06/2026 01:44:04] COMMAND command=get_cotacao_items status=OK elapsed_ms=574
[07/06/2026 01:44:06] COMMAND command=export_cotacao_html status=OK elapsed_ms=888
[07/06/2026 01:45:29] COMMAND command=export_cotacao_html status=OK elapsed_ms=1052
[07/06/2026 15:08:37] COMMAND command=health_check status=FAIL elapsed_ms=1401
[07/06/2026 15:10:49] COMMAND command=health_check status=OK elapsed_ms=1264
[07/06/2026 15:10:58] COMMAND command=search_clientes status=OK elapsed_ms=1045
[07/06/2026 15:11:03] COMMAND command=search_cotacoes status=OK elapsed_ms=1412
[07/06/2026 15:11:04] COMMAND command=get_cotacao status=OK elapsed_ms=1096
[07/06/2026 15:11:05] COMMAND command=get_cliente status=OK elapsed_ms=984
[07/06/2026 15:11:06] COMMAND command=get_cotacao_items status=OK elapsed_ms=980
[07/06/2026 15:11:09] COMMAND command=get_cotacao status=OK elapsed_ms=998
[07/06/2026 15:11:10] COMMAND command=get_cliente status=OK elapsed_ms=974
[07/06/2026 15:11:11] COMMAND command=get_cotacao_items status=OK elapsed_ms=992
[07/06/2026 15:11:26] COMMAND command=get_cotacao status=OK elapsed_ms=821
[07/06/2026 15:11:27] COMMAND command=get_cliente status=OK elapsed_ms=814
[07/06/2026 15:11:27] COMMAND command=get_cotacao_items status=OK elapsed_ms=811
[07/06/2026 15:11:37] COMMAND command=export_cotacao_html status=OK elapsed_ms=1313
[07/06/2026 15:20:53] COMMAND command=health_check status=OK elapsed_ms=1217
[07/06/2026 15:21:25] COMMAND command=search_chapas status=OK elapsed_ms=988
[07/06/2026 15:21:50] COMMAND command=search_chapas status=OK elapsed_ms=828
[07/06/2026 15:22:07] COMMAND command=search_chapas status=OK elapsed_ms=776
[07/06/2026 15:22:22] COMMAND command=search_fitas status=OK elapsed_ms=825
[07/06/2026 15:22:27] COMMAND command=search_fitas status=OK elapsed_ms=741
[07/06/2026 15:23:06] COMMAND command=search_clientes status=OK elapsed_ms=744
[07/06/2026 15:23:19] COMMAND command=create_cotacao status=OK elapsed_ms=819
[07/06/2026 15:23:31] COMMAND command=get_cliente status=OK elapsed_ms=919
[07/06/2026 15:23:51] COMMAND command=search_clientes status=OK elapsed_ms=736
[07/06/2026 15:23:53] COMMAND command=search_cotacoes status=OK elapsed_ms=1175
[07/06/2026 15:23:54] COMMAND command=get_cotacao status=OK elapsed_ms=732
[07/06/2026 15:23:55] COMMAND command=get_cliente status=OK elapsed_ms=777
[07/06/2026 15:23:56] COMMAND command=get_cotacao_items status=OK elapsed_ms=766
[07/06/2026 15:23:58] COMMAND command=search_clientes status=OK elapsed_ms=811
[07/06/2026 15:24:01] COMMAND command=search_cotacoes status=OK elapsed_ms=1163
[07/06/2026 15:24:02] COMMAND command=get_cotacao status=OK elapsed_ms=810
[07/06/2026 15:24:02] COMMAND command=get_cliente status=OK elapsed_ms=810
[07/06/2026 15:24:03] COMMAND command=get_cotacao_items status=OK elapsed_ms=736
[07/06/2026 15:24:06] COMMAND command=get_cotacao status=OK elapsed_ms=818
[07/06/2026 15:24:07] COMMAND command=get_cliente status=OK elapsed_ms=833
[07/06/2026 15:24:14] COMMAND command=get_cotacao status=OK elapsed_ms=807
[07/06/2026 15:24:15] COMMAND command=get_cliente status=OK elapsed_ms=809
[07/06/2026 15:24:16] COMMAND command=get_cotacao_items status=OK elapsed_ms=731
[07/06/2026 15:24:33] COMMAND command=get_cotacao status=OK elapsed_ms=768
[07/06/2026 15:24:34] COMMAND command=get_cliente status=OK elapsed_ms=760
[07/06/2026 15:24:39] COMMAND command=get_cotacao status=OK elapsed_ms=846
[07/06/2026 15:24:40] COMMAND command=get_cliente status=OK elapsed_ms=807
[07/06/2026 15:24:41] COMMAND command=get_cotacao status=OK elapsed_ms=726
[07/06/2026 15:24:42] COMMAND command=get_cliente status=OK elapsed_ms=809
[07/06/2026 15:24:42] COMMAND command=get_cotacao_items status=OK elapsed_ms=729
[07/06/2026 15:24:57] COMMAND command=update_cotacao status=OK elapsed_ms=813
[07/06/2026 15:24:58] COMMAND command=get_cotacao status=OK elapsed_ms=806
[07/06/2026 15:24:59] COMMAND command=get_cliente status=OK elapsed_ms=728
[07/06/2026 15:24:59] COMMAND command=get_cotacao_items status=OK elapsed_ms=731
[07/06/2026 15:25:00] COMMAND command=get_cotacao status=OK elapsed_ms=800
[07/06/2026 15:25:07] COMMAND command=update_cotacao status=OK elapsed_ms=811
[07/06/2026 15:25:07] COMMAND command=get_cotacao status=OK elapsed_ms=728
[07/06/2026 15:25:08] COMMAND command=get_cliente status=OK elapsed_ms=726
[07/06/2026 15:25:09] COMMAND command=get_cotacao_items status=OK elapsed_ms=727
[07/06/2026 15:25:10] COMMAND command=get_cotacao status=OK elapsed_ms=789
[07/06/2026 15:25:14] COMMAND command=get_cotacao status=OK elapsed_ms=765
[07/06/2026 15:25:15] COMMAND command=get_cliente status=OK elapsed_ms=736
[07/06/2026 15:25:26] COMMAND command=get_cotacao status=OK elapsed_ms=728
[07/06/2026 15:25:26] COMMAND command=get_cliente status=OK elapsed_ms=732
[07/06/2026 15:25:27] COMMAND command=get_cotacao_items status=OK elapsed_ms=807
[07/06/2026 15:25:30] COMMAND command=export_cotacao_html status=OK elapsed_ms=1273
[07/06/2026 15:25:56] COMMAND command=health_check status=OK elapsed_ms=1106
[07/06/2026 15:26:18] COMMAND command=search_chapas status=OK elapsed_ms=947
[07/06/2026 15:26:23] COMMAND command=search_chapas status=OK elapsed_ms=902
[07/06/2026 15:26:25] COMMAND command=search_chapas status=OK elapsed_ms=936
[07/06/2026 15:26:31] COMMAND command=search_fitas status=OK elapsed_ms=902
[07/06/2026 15:26:52] COMMAND command=search_clientes status=OK elapsed_ms=824
[07/06/2026 15:27:17] COMMAND command=create_cotacao status=OK elapsed_ms=816
[07/06/2026 15:27:24] COMMAND command=get_cliente status=OK elapsed_ms=842
[07/06/2026 15:27:37] COMMAND command=search_cotacoes status=OK elapsed_ms=2286
[07/06/2026 15:27:38] COMMAND command=get_cotacao status=OK elapsed_ms=806
[07/06/2026 15:27:39] COMMAND command=get_cliente status=OK elapsed_ms=806
[07/06/2026 15:27:39] COMMAND command=get_cotacao_items status=OK elapsed_ms=815
[07/06/2026 15:27:42] COMMAND command=get_cotacao status=OK elapsed_ms=740
[07/06/2026 15:27:43] COMMAND command=get_cliente status=OK elapsed_ms=727
[07/06/2026 15:27:51] COMMAND command=get_cotacao status=OK elapsed_ms=732
[07/06/2026 15:27:51] COMMAND command=get_cliente status=OK elapsed_ms=735
[07/06/2026 15:27:52] COMMAND command=get_cotacao_items status=OK elapsed_ms=730
[07/06/2026 15:27:58] COMMAND command=export_cotacao_html status=OK elapsed_ms=1214
[07/06/2026 15:29:50] COMMAND command=get_cotacao status=OK elapsed_ms=810
[07/06/2026 15:29:51] COMMAND command=get_cliente status=OK elapsed_ms=734
[07/06/2026 15:29:52] COMMAND command=get_cotacao_items status=OK elapsed_ms=778
[07/06/2026 15:29:56] COMMAND command=get_cotacao status=OK elapsed_ms=759
[07/06/2026 15:29:57] COMMAND command=get_cliente status=OK elapsed_ms=736
[07/06/2026 15:30:05] COMMAND command=get_cotacao status=OK elapsed_ms=809
[07/06/2026 15:30:06] COMMAND command=get_cliente status=OK elapsed_ms=812
[07/06/2026 15:30:06] COMMAND command=get_cotacao_items status=OK elapsed_ms=811
[07/06/2026 18:12:22] COMMAND command=health_check status=OK elapsed_ms=7756
[07/06/2026 18:14:04] COMMAND command=search_chapas status=OK elapsed_ms=1164
[07/06/2026 18:14:09] COMMAND command=search_chapas status=OK elapsed_ms=910
[07/06/2026 18:14:28] COMMAND command=search_chapas status=OK elapsed_ms=1157
[07/06/2026 18:14:42] COMMAND command=search_fitas status=OK elapsed_ms=1155
[07/06/2026 18:15:29] COMMAND command=search_clientes status=OK elapsed_ms=915
[07/06/2026 18:15:59] COMMAND command=create_cotacao status=OK elapsed_ms=1147
[07/06/2026 18:16:13] COMMAND command=get_cliente status=OK elapsed_ms=941
[07/06/2026 18:17:51] COMMAND command=search_cotacoes status=OK elapsed_ms=3994
[07/06/2026 18:17:52] COMMAND command=get_cotacao status=OK elapsed_ms=895
[07/06/2026 18:17:53] COMMAND command=get_cliente status=OK elapsed_ms=921
[07/06/2026 18:17:54] COMMAND command=get_cotacao_items status=OK elapsed_ms=922
[07/06/2026 18:18:00] COMMAND command=get_cotacao status=OK elapsed_ms=2288
[07/06/2026 18:18:01] COMMAND command=get_cliente status=OK elapsed_ms=1138
[07/06/2026 18:18:18] COMMAND command=get_cotacao status=OK elapsed_ms=1219
[07/06/2026 18:18:19] COMMAND command=get_cliente status=OK elapsed_ms=980
[07/06/2026 18:18:20] COMMAND command=get_cotacao_items status=OK elapsed_ms=1057
[07/06/2026 18:18:21] COMMAND command=get_cotacao status=OK elapsed_ms=977
[07/06/2026 18:18:23] COMMAND command=get_cliente status=OK elapsed_ms=1847
[07/06/2026 18:18:26] COMMAND command=get_cotacao status=OK elapsed_ms=2035
[07/06/2026 18:18:27] COMMAND command=get_cliente status=OK elapsed_ms=1056
[07/06/2026 18:18:28] COMMAND command=get_cotacao_items status=OK elapsed_ms=1221
[07/06/2026 18:18:47] COMMAND command=search_cotacoes status=OK elapsed_ms=4253
[07/06/2026 18:18:47] COMMAND command=get_cotacao status=OK elapsed_ms=820
[07/06/2026 18:18:48] COMMAND command=get_cliente status=OK elapsed_ms=813
[07/06/2026 18:18:49] COMMAND command=get_cotacao_items status=OK elapsed_ms=989
[07/06/2026 18:18:53] COMMAND command=get_cotacao status=OK elapsed_ms=989
[07/06/2026 18:18:54] COMMAND command=get_cliente status=OK elapsed_ms=1382
[07/06/2026 18:19:06] COMMAND command=get_cotacao status=OK elapsed_ms=1300
[07/06/2026 18:19:07] COMMAND command=get_cliente status=OK elapsed_ms=1058
[07/06/2026 18:19:08] COMMAND command=get_cotacao_items status=OK elapsed_ms=975
[07/06/2026 18:21:39] COMMAND command=health_check status=OK elapsed_ms=1199
[07/06/2026 18:23:20] COMMAND command=search_chapas status=OK elapsed_ms=2131
[07/06/2026 18:23:30] COMMAND command=search_chapas status=OK elapsed_ms=1992
[07/06/2026 18:23:33] COMMAND command=search_chapas status=OK elapsed_ms=1576
[07/06/2026 18:23:47] COMMAND command=search_chapas status=OK elapsed_ms=1620
[07/06/2026 18:23:49] COMMAND command=search_chapas status=OK elapsed_ms=1413
[07/06/2026 18:23:58] COMMAND command=search_chapas status=OK elapsed_ms=1162
[07/06/2026 18:25:10] COMMAND command=search_fitas status=OK elapsed_ms=1686
[07/06/2026 18:27:25] COMMAND command=search_clientes status=OK elapsed_ms=1163
[07/06/2026 18:27:39] COMMAND command=create_cotacao status=OK elapsed_ms=1156
[07/06/2026 18:27:54] COMMAND command=get_cliente status=OK elapsed_ms=1164
[07/06/2026 18:30:11] COMMAND command=search_clientes status=OK elapsed_ms=2289
[07/06/2026 18:30:15] COMMAND command=search_cotacoes status=OK elapsed_ms=2292
[07/06/2026 18:30:16] COMMAND command=get_cotacao status=OK elapsed_ms=975
[07/06/2026 18:30:17] COMMAND command=get_cliente status=OK elapsed_ms=1022
[07/06/2026 18:30:18] COMMAND command=get_cotacao_items status=OK elapsed_ms=1152
[07/06/2026 18:30:23] COMMAND command=get_cotacao status=OK elapsed_ms=1069
[07/06/2026 18:30:25] COMMAND command=get_cliente status=OK elapsed_ms=2131
[07/06/2026 18:30:30] COMMAND command=get_cotacao status=OK elapsed_ms=1253
[07/06/2026 18:30:31] COMMAND command=get_cliente status=OK elapsed_ms=1056
[07/06/2026 18:31:12] COMMAND command=get_cotacao status=OK elapsed_ms=2281
[07/06/2026 18:31:14] COMMAND command=get_cliente status=OK elapsed_ms=1981
[07/06/2026 18:31:23] COMMAND command=get_cotacao status=OK elapsed_ms=1135
[07/06/2026 18:31:24] COMMAND command=get_cliente status=OK elapsed_ms=1057
[07/06/2026 18:31:26] COMMAND command=get_cotacao_items status=OK elapsed_ms=1054
[07/06/2026 18:31:32] COMMAND command=get_cotacao status=OK elapsed_ms=1094
[07/06/2026 18:31:33] COMMAND command=get_cliente status=OK elapsed_ms=1054
[07/06/2026 18:31:39] COMMAND command=get_cotacao status=OK elapsed_ms=1133
[07/06/2026 18:31:40] COMMAND command=get_cliente status=OK elapsed_ms=1008
[07/06/2026 18:31:45] COMMAND command=get_cotacao status=OK elapsed_ms=1136
[07/06/2026 18:31:46] COMMAND command=get_cliente status=OK elapsed_ms=1031
[07/06/2026 18:31:50] COMMAND command=get_cotacao status=OK elapsed_ms=1974
[07/06/2026 18:31:51] COMMAND command=get_cliente status=OK elapsed_ms=1138
[07/06/2026 18:31:59] COMMAND command=get_cotacao status=OK elapsed_ms=1224
[07/06/2026 18:32:00] COMMAND command=get_cliente status=OK elapsed_ms=973
[07/06/2026 18:32:01] COMMAND command=get_cotacao_items status=OK elapsed_ms=1059
[07/06/2026 18:32:03] COMMAND command=get_cotacao status=OK elapsed_ms=1056
[07/06/2026 18:32:04] COMMAND command=get_cliente status=OK elapsed_ms=1222
[07/06/2026 18:32:05] COMMAND command=get_cotacao_items status=OK elapsed_ms=980
[07/06/2026 18:32:08] COMMAND command=get_cotacao status=OK elapsed_ms=1056
[07/06/2026 18:32:08] COMMAND command=get_cliente status=OK elapsed_ms=811
[07/06/2026 18:32:09] COMMAND command=get_cotacao_items status=OK elapsed_ms=810
[07/06/2026 18:32:15] COMMAND command=get_cotacao status=OK elapsed_ms=4480
[07/06/2026 18:32:16] COMMAND command=get_cliente status=OK elapsed_ms=1162
[07/06/2026 18:32:17] COMMAND command=get_cotacao_items status=OK elapsed_ms=1059
[07/06/2026 18:32:18] COMMAND command=get_cotacao status=OK elapsed_ms=977
[07/06/2026 18:32:20] COMMAND command=get_cliente status=OK elapsed_ms=1058
[07/06/2026 18:32:21] COMMAND command=get_cotacao_items status=OK elapsed_ms=1796
[07/06/2026 18:32:40] COMMAND command=update_cotacao status=OK elapsed_ms=977
[07/06/2026 18:32:41] COMMAND command=get_cotacao status=OK elapsed_ms=1057
[07/06/2026 18:32:42] COMMAND command=get_cliente status=OK elapsed_ms=972
[07/06/2026 18:32:43] COMMAND command=get_cotacao_items status=OK elapsed_ms=1216
[07/06/2026 18:32:45] COMMAND command=get_cotacao status=OK elapsed_ms=1350
[07/06/2026 18:32:46] COMMAND command=get_cotacao status=OK elapsed_ms=895
[07/06/2026 18:32:47] COMMAND command=get_cliente status=OK elapsed_ms=811
[07/06/2026 18:32:48] COMMAND command=get_cotacao_items status=OK elapsed_ms=973
[07/06/2026 18:32:58] COMMAND command=export_cotacao_html status=OK elapsed_ms=2157
[07/06/2026 22:46:32] COMMAND command=health_check status=OK elapsed_ms=4030
[07/06/2026 22:47:06] COMMAND command=search_chapas status=OK elapsed_ms=2773
[07/06/2026 22:47:20] COMMAND command=search_chapas status=OK elapsed_ms=2520
[07/06/2026 22:47:30] COMMAND command=search_chapas status=OK elapsed_ms=2734
[07/06/2026 22:47:39] COMMAND command=search_chapas status=OK elapsed_ms=1241
[07/06/2026 22:48:00] COMMAND command=search_chapas status=OK elapsed_ms=2140
[07/06/2026 22:48:23] COMMAND command=search_chapas status=OK elapsed_ms=1071
[07/06/2026 22:48:30] COMMAND command=search_chapas status=OK elapsed_ms=1329
[07/06/2026 22:48:42] COMMAND command=search_fitas status=OK elapsed_ms=1326
[07/06/2026 22:49:21] COMMAND command=search_clientes status=OK elapsed_ms=1082
[07/06/2026 22:49:31] COMMAND command=create_cotacao status=OK elapsed_ms=984
[07/06/2026 22:49:46] COMMAND command=get_cliente status=OK elapsed_ms=1179
[07/06/2026 22:51:09] COMMAND command=search_cotacoes status=OK elapsed_ms=2516
[07/06/2026 22:51:10] COMMAND command=get_cotacao status=OK elapsed_ms=1051
[07/06/2026 22:51:11] COMMAND command=get_cliente status=OK elapsed_ms=916
[07/06/2026 22:51:12] COMMAND command=get_cotacao_items status=OK elapsed_ms=977
[07/06/2026 22:51:15] COMMAND command=get_cotacao status=OK elapsed_ms=1051
[07/06/2026 22:51:16] COMMAND command=get_cliente status=OK elapsed_ms=970
[07/06/2026 22:51:17] COMMAND command=get_cotacao_items status=OK elapsed_ms=897
[07/06/2026 22:51:21] COMMAND command=export_cotacao_html status=OK elapsed_ms=1532
[07/06/2026 22:52:28] COMMAND command=health_check status=OK elapsed_ms=2220
[07/06/2026 23:01:04] COMMAND command=search_cotacoes status=OK elapsed_ms=3051
[07/06/2026 23:01:06] COMMAND command=get_cotacao status=OK elapsed_ms=1473
[07/06/2026 23:01:07] COMMAND command=get_cliente status=OK elapsed_ms=1448
[07/06/2026 23:01:08] COMMAND command=get_cotacao_items status=OK elapsed_ms=1125
[07/06/2026 23:02:10] COMMAND command=get_cotacao status=OK elapsed_ms=1839
[07/06/2026 23:02:13] COMMAND command=get_cliente status=OK elapsed_ms=2256
[07/06/2026 23:02:15] COMMAND command=get_cotacao_items status=OK elapsed_ms=2346
[07/06/2026 23:02:35] COMMAND command=update_cotacao status=OK elapsed_ms=1139
[07/06/2026 23:02:36] COMMAND command=get_cotacao status=OK elapsed_ms=1008
[07/06/2026 23:02:37] COMMAND command=get_cliente status=OK elapsed_ms=1126
[07/06/2026 23:02:39] COMMAND command=get_cotacao_items status=OK elapsed_ms=1132
[07/06/2026 23:02:40] COMMAND command=get_cotacao status=OK elapsed_ms=1097
[07/06/2026 23:02:42] COMMAND command=get_cotacao status=OK elapsed_ms=1155
[07/06/2026 23:02:43] COMMAND command=get_cliente status=OK elapsed_ms=965
[07/06/2026 23:02:44] COMMAND command=get_cotacao_items status=OK elapsed_ms=1148
[07/06/2026 23:02:51] COMMAND command=export_cotacao_html status=OK elapsed_ms=1796
[07/06/2026 23:03:04] COMMAND command=search_cotacoes status=OK elapsed_ms=3497
[07/06/2026 23:03:05] COMMAND command=get_cotacao status=OK elapsed_ms=1318
[07/06/2026 23:03:06] COMMAND command=get_cliente status=OK elapsed_ms=1164
[07/06/2026 23:03:07] COMMAND command=get_cotacao_items status=OK elapsed_ms=1160
[07/06/2026 23:03:11] COMMAND command=search_clientes status=OK elapsed_ms=901
[07/06/2026 23:03:15] COMMAND command=search_cotacoes status=OK elapsed_ms=1333
[07/06/2026 23:03:16] COMMAND command=get_cotacao status=OK elapsed_ms=892
[07/06/2026 23:03:17] COMMAND command=get_cliente status=OK elapsed_ms=892
[07/06/2026 23:03:18] COMMAND command=get_cotacao_items status=OK elapsed_ms=897
[07/06/2026 23:03:24] COMMAND command=get_cotacao status=OK elapsed_ms=1654
[07/06/2026 23:03:25] COMMAND command=get_cliente status=OK elapsed_ms=898
[07/06/2026 23:03:26] COMMAND command=get_cotacao_items status=OK elapsed_ms=826
[07/06/2026 23:03:28] COMMAND command=export_cotacao_html status=OK elapsed_ms=1377
[08/06/2026 00:00:42] COMMAND command=health_check status=OK elapsed_ms=1114
[08/06/2026 00:00:57] COMMAND command=search_cotacoes status=OK elapsed_ms=2496
[08/06/2026 00:01:00] COMMAND command=get_cotacao status=OK elapsed_ms=955
[08/06/2026 00:01:01] COMMAND command=get_cliente status=OK elapsed_ms=928
[08/06/2026 00:01:02] COMMAND command=get_cotacao_items status=OK elapsed_ms=948
[08/06/2026 00:01:15] COMMAND command=health_check status=OK elapsed_ms=1155
[08/06/2026 00:01:47] COMMAND command=search_chapas status=OK elapsed_ms=973
[08/06/2026 00:01:55] COMMAND command=search_chapas status=OK elapsed_ms=863
[08/06/2026 00:02:08] COMMAND command=search_ferragens status=OK elapsed_ms=740
[08/06/2026 00:02:38] COMMAND command=search_fitas status=OK elapsed_ms=934
[08/06/2026 00:02:49] COMMAND command=search_fitas status=OK elapsed_ms=909
[08/06/2026 00:03:01] COMMAND command=search_fitas status=OK elapsed_ms=917
[08/06/2026 00:03:15] COMMAND command=search_fitas status=OK elapsed_ms=913
[08/06/2026 00:03:51] COMMAND command=search_ferragens status=OK elapsed_ms=825
[08/06/2026 00:04:15] COMMAND command=search_fitas status=OK elapsed_ms=910
[08/06/2026 00:04:35] COMMAND command=search_clientes status=OK elapsed_ms=826
[08/06/2026 00:04:40] COMMAND command=create_cotacao status=OK elapsed_ms=742
[08/06/2026 00:04:46] COMMAND command=get_cliente status=OK elapsed_ms=1090
[08/06/2026 00:05:17] COMMAND command=search_clientes status=OK elapsed_ms=824
[08/06/2026 00:05:20] COMMAND command=search_cotacoes status=OK elapsed_ms=1205
[08/06/2026 00:05:23] COMMAND command=get_cotacao status=OK elapsed_ms=813
[08/06/2026 00:05:24] COMMAND command=get_cliente status=OK elapsed_ms=731
[08/06/2026 00:05:25] COMMAND command=get_cotacao_items status=OK elapsed_ms=730
[08/06/2026 00:05:43] COMMAND command=export_cotacao_html status=OK elapsed_ms=1213
[08/06/2026 00:05:56] COMMAND command=health_check status=OK elapsed_ms=921
[08/06/2026 00:07:24] COMMAND command=health_check status=OK elapsed_ms=958
[08/06/2026 00:07:33] COMMAND command=health_check status=OK elapsed_ms=981
[08/06/2026 00:09:43] COMMAND command=health_check status=OK elapsed_ms=1071
[08/06/2026 00:10:16] COMMAND command=health_check status=OK elapsed_ms=1469
[08/06/2026 00:11:32] COMMAND command=search_chapas status=OK elapsed_ms=1004
[08/06/2026 00:11:46] COMMAND command=search_chapas status=OK elapsed_ms=883
[08/06/2026 00:11:56] COMMAND command=search_fitas status=OK elapsed_ms=1014
[08/06/2026 00:12:07] COMMAND command=search_fitas status=OK elapsed_ms=917
[08/06/2026 00:14:29] COMMAND command=search_ferragens status=OK elapsed_ms=905
[08/06/2026 00:14:46] COMMAND command=search_ferragens status=OK elapsed_ms=911
[08/06/2026 00:15:10] COMMAND command=search_chapas status=OK elapsed_ms=904
[08/06/2026 00:15:37] COMMAND command=health_check status=OK elapsed_ms=1022
[08/06/2026 00:17:27] COMMAND command=search_chapas status=OK elapsed_ms=1383
[08/06/2026 00:17:42] COMMAND command=search_chapas status=OK elapsed_ms=1340
[08/06/2026 00:18:01] COMMAND command=search_ferragens status=OK elapsed_ms=838
[08/06/2026 00:18:35] COMMAND command=search_clientes status=OK elapsed_ms=908
[08/06/2026 00:19:01] COMMAND command=create_cliente status=OK elapsed_ms=982
[08/06/2026 00:19:08] COMMAND command=create_cotacao status=OK elapsed_ms=827
[08/06/2026 00:19:28] COMMAND command=get_cliente status=OK elapsed_ms=857
[08/06/2026 00:21:01] COMMAND command=search_clientes status=OK elapsed_ms=1073
[08/06/2026 00:21:04] COMMAND command=search_cotacoes status=OK elapsed_ms=1515
[08/06/2026 00:21:12] COMMAND command=get_cotacao status=OK elapsed_ms=1136
[08/06/2026 00:21:13] COMMAND command=get_cliente status=OK elapsed_ms=1025
[08/06/2026 00:21:29] COMMAND command=get_cotacao status=OK elapsed_ms=1102
[08/06/2026 00:21:30] COMMAND command=get_cliente status=OK elapsed_ms=1029
[08/06/2026 00:21:31] COMMAND command=get_cotacao_items status=OK elapsed_ms=1078
[08/06/2026 00:21:33] COMMAND command=export_cotacao_html status=OK elapsed_ms=1616
[08/06/2026 00:22:51] COMMAND command=health_check status=OK elapsed_ms=1092
[08/06/2026 00:23:09] COMMAND command=search_cotacoes status=OK elapsed_ms=2966
[08/06/2026 00:23:13] COMMAND command=get_cotacao status=OK elapsed_ms=1087
[08/06/2026 00:23:14] COMMAND command=get_cliente status=OK elapsed_ms=941
[08/06/2026 00:23:15] COMMAND command=get_cotacao_items status=OK elapsed_ms=937
[08/06/2026 00:23:16] COMMAND command=get_cotacao_items status=OK elapsed_ms=1121
[08/06/2026 00:23:34] COMMAND command=health_check status=OK elapsed_ms=1070
[08/06/2026 00:23:58] COMMAND command=search_chapas status=OK elapsed_ms=1223
[08/06/2026 00:24:21] COMMAND command=search_clientes status=OK elapsed_ms=1226
[08/06/2026 00:28:10] COMMAND command=health_check status=OK elapsed_ms=923
[08/06/2026 00:28:31] COMMAND command=search_chapas status=OK elapsed_ms=931
[08/06/2026 00:28:41] COMMAND command=search_chapas status=OK elapsed_ms=946
[08/06/2026 00:28:49] COMMAND command=search_chapas status=OK elapsed_ms=939
[08/06/2026 00:28:59] COMMAND command=search_fitas status=OK elapsed_ms=1092
[08/06/2026 00:29:10] COMMAND command=search_ferragens status=OK elapsed_ms=740
[08/06/2026 00:29:15] COMMAND command=search_ferragens status=OK elapsed_ms=741
[08/06/2026 00:29:39] COMMAND command=search_clientes status=OK elapsed_ms=741
[08/06/2026 00:29:45] COMMAND command=create_cotacao status=OK elapsed_ms=821
[08/06/2026 00:29:55] COMMAND command=search_clientes status=OK elapsed_ms=812
[08/06/2026 00:29:57] COMMAND command=search_cotacoes status=OK elapsed_ms=1189
[08/06/2026 00:29:59] COMMAND command=get_cotacao status=OK elapsed_ms=744
[08/06/2026 00:30:00] COMMAND command=get_cliente status=OK elapsed_ms=812
[08/06/2026 00:30:13] COMMAND command=get_cotacao status=OK elapsed_ms=810
[08/06/2026 00:30:14] COMMAND command=get_cliente status=OK elapsed_ms=807
[08/06/2026 00:30:14] COMMAND command=get_cotacao_items status=OK elapsed_ms=734
[08/06/2026 00:30:15] COMMAND command=get_cotacao_items status=OK elapsed_ms=771
[08/06/2026 00:30:21] COMMAND command=export_cotacao_html status=OK elapsed_ms=1293
[08/06/2026 00:30:55] COMMAND command=get_cotacao_items status=OK elapsed_ms=815
[08/06/2026 00:30:56] COMMAND command=update_cotacao_full status=OK elapsed_ms=730
[08/06/2026 00:30:58] COMMAND command=get_cotacao status=OK elapsed_ms=1897
[08/06/2026 00:31:12] COMMAND command=export_cotacao_html status=OK elapsed_ms=1290
[08/06/2026 00:34:32] COMMAND command=get_cotacao status=OK elapsed_ms=1163
[08/06/2026 00:34:33] COMMAND command=get_cliente status=OK elapsed_ms=1165
[08/06/2026 00:34:34] COMMAND command=get_cotacao_items status=OK elapsed_ms=1330
[08/06/2026 00:34:36] COMMAND command=get_cotacao_items status=OK elapsed_ms=1325
[08/06/2026 00:34:48] COMMAND command=search_clientes status=OK elapsed_ms=1146
[08/06/2026 00:34:51] COMMAND command=search_cotacoes status=OK elapsed_ms=1637
[08/06/2026 00:34:54] COMMAND command=get_cotacao status=OK elapsed_ms=1303
[08/06/2026 00:34:55] COMMAND command=get_cliente status=OK elapsed_ms=1130
[08/06/2026 00:34:57] COMMAND command=get_cotacao_items status=OK elapsed_ms=1140
[08/06/2026 00:34:58] COMMAND command=get_cotacao_items status=OK elapsed_ms=1225
[08/06/2026 10:10:43] COMMAND command=health_check status=OK elapsed_ms=1183
[08/06/2026 10:11:07] COMMAND command=search_chapas status=OK elapsed_ms=961
[08/06/2026 10:11:15] COMMAND command=search_chapas status=OK elapsed_ms=955
[08/06/2026 10:11:22] COMMAND command=search_chapas status=OK elapsed_ms=1013
[08/06/2026 10:11:32] COMMAND command=search_fitas status=OK elapsed_ms=1104
[08/06/2026 10:11:44] COMMAND command=search_ferragens status=OK elapsed_ms=827
[08/06/2026 10:11:57] COMMAND command=search_ferragens status=OK elapsed_ms=824
[08/06/2026 10:12:33] COMMAND command=search_clientes status=OK elapsed_ms=827
[08/06/2026 10:12:40] COMMAND command=create_cotacao status=OK elapsed_ms=738
[08/06/2026 10:12:50] COMMAND command=get_cliente status=OK elapsed_ms=1004
[08/06/2026 10:14:19] COMMAND command=search_cotacoes status=OK elapsed_ms=2988
[08/06/2026 10:14:22] COMMAND command=get_cotacao status=OK elapsed_ms=947
[08/06/2026 10:14:22] COMMAND command=get_cliente status=OK elapsed_ms=934
[08/06/2026 10:14:23] COMMAND command=get_cotacao_items status=OK elapsed_ms=942
[08/06/2026 10:14:24] COMMAND command=get_cotacao_items status=OK elapsed_ms=943
[08/06/2026 10:14:58] COMMAND command=export_cotacao_html status=OK elapsed_ms=1291
[08/06/2026 10:18:29] COMMAND command=health_check status=OK elapsed_ms=2517
[08/06/2026 10:19:07] COMMAND command=search_chapas status=OK elapsed_ms=1505
[08/06/2026 10:19:14] COMMAND command=search_chapas status=OK elapsed_ms=1369
[08/06/2026 10:19:30] COMMAND command=search_chapas status=OK elapsed_ms=1361
[08/06/2026 10:19:34] COMMAND command=search_chapas status=OK elapsed_ms=1171
[08/06/2026 10:19:49] COMMAND command=search_fitas status=OK elapsed_ms=776
[08/06/2026 10:20:00] COMMAND command=search_ferragens status=OK elapsed_ms=822
[08/06/2026 10:20:10] COMMAND command=search_ferragens status=OK elapsed_ms=744
[08/06/2026 10:20:16] COMMAND command=search_ferragens status=OK elapsed_ms=746
[08/06/2026 10:21:21] COMMAND command=search_clientes status=OK elapsed_ms=831
[08/06/2026 10:21:39] COMMAND command=create_cotacao status=OK elapsed_ms=819
[08/06/2026 10:22:58] COMMAND command=search_cotacoes status=OK elapsed_ms=2807
[08/06/2026 10:23:02] COMMAND command=get_cotacao status=OK elapsed_ms=813
[08/06/2026 10:23:03] COMMAND command=get_cliente status=OK elapsed_ms=816
[08/06/2026 10:23:03] COMMAND command=get_cotacao_items status=OK elapsed_ms=812
[08/06/2026 10:23:04] COMMAND command=get_cotacao_items status=OK elapsed_ms=808
[08/06/2026 10:23:40] COMMAND command=search_ferragens status=OK elapsed_ms=816
[08/06/2026 10:23:46] COMMAND command=search_ferragens status=OK elapsed_ms=818
[08/06/2026 10:24:00] COMMAND command=search_ferragens status=OK elapsed_ms=908
[08/06/2026 10:41:38] COMMAND command=health_check status=OK elapsed_ms=1330
[08/06/2026 10:42:31] COMMAND command=search_chapas status=OK elapsed_ms=956
[08/06/2026 10:42:46] COMMAND command=search_chapas status=OK elapsed_ms=773
[08/06/2026 10:42:59] COMMAND command=search_fitas status=OK elapsed_ms=767
[08/06/2026 10:43:12] COMMAND command=search_ferragens status=OK elapsed_ms=823
[08/06/2026 10:43:17] COMMAND command=search_ferragens status=OK elapsed_ms=737
[08/06/2026 10:43:23] COMMAND command=search_ferragens status=OK elapsed_ms=824
[08/06/2026 10:43:45] COMMAND command=search_ferragens status=OK elapsed_ms=818
[08/06/2026 10:51:56] COMMAND command=search_cotacoes status=OK elapsed_ms=2754
[08/06/2026 10:54:43] COMMAND command=get_cotacao status=OK elapsed_ms=973
[08/06/2026 10:54:44] COMMAND command=get_cliente status=OK elapsed_ms=818
[08/06/2026 10:54:45] COMMAND command=get_cotacao_items status=OK elapsed_ms=860
[08/06/2026 10:55:05] COMMAND command=get_cotacao status=OK elapsed_ms=812
[08/06/2026 10:55:05] COMMAND command=get_cliente status=OK elapsed_ms=807
[08/06/2026 10:55:06] COMMAND command=get_cotacao_items status=OK elapsed_ms=816
[08/06/2026 10:55:07] COMMAND command=get_cotacao_items status=OK elapsed_ms=808
[08/06/2026 10:55:10] COMMAND command=get_cotacao status=OK elapsed_ms=808
[08/06/2026 10:55:11] COMMAND command=get_cliente status=OK elapsed_ms=807
[08/06/2026 10:55:12] COMMAND command=get_cotacao_items status=OK elapsed_ms=805
[08/06/2026 10:55:13] COMMAND command=get_cotacao_items status=OK elapsed_ms=813
[08/06/2026 10:55:18] COMMAND command=get_cotacao_items status=OK elapsed_ms=810
[08/06/2026 10:55:19] COMMAND command=update_cotacao_full status=OK elapsed_ms=806
[08/06/2026 10:55:20] COMMAND command=get_cotacao status=OK elapsed_ms=870
[08/06/2026 10:55:23] COMMAND command=get_cotacao status=OK elapsed_ms=808
[08/06/2026 10:55:24] COMMAND command=get_cliente status=OK elapsed_ms=810
[08/06/2026 10:55:25] COMMAND command=get_cotacao_items status=OK elapsed_ms=807
[08/06/2026 10:55:26] COMMAND command=get_cotacao_items status=OK elapsed_ms=807
[08/06/2026 10:55:33] COMMAND command=search_ferragens status=OK elapsed_ms=828
[08/06/2026 10:55:35] COMMAND command=search_ferragens status=OK elapsed_ms=833
[08/06/2026 14:53:16] COMMAND command=health_check status=OK elapsed_ms=1529
[08/06/2026 14:53:27] COMMAND command=search_cotacoes status=OK elapsed_ms=2913
[08/06/2026 14:53:31] COMMAND command=get_cotacao status=OK elapsed_ms=1197
[08/06/2026 14:53:32] COMMAND command=get_cliente status=OK elapsed_ms=1065
[08/06/2026 14:53:42] COMMAND command=get_cotacao status=OK elapsed_ms=1071
[08/06/2026 14:53:43] COMMAND command=get_cliente status=OK elapsed_ms=1034
[08/06/2026 14:53:47] COMMAND command=get_cotacao status=OK elapsed_ms=1630
[08/06/2026 14:53:49] COMMAND command=get_cliente status=OK elapsed_ms=1786
[08/06/2026 15:20:58] COMMAND command=health_check status=OK elapsed_ms=1080
[08/06/2026 15:21:38] COMMAND command=health_check status=OK elapsed_ms=817
[08/06/2026 15:31:29] COMMAND command=health_check status=OK elapsed_ms=945
[08/06/2026 15:31:54] COMMAND command=health_check status=OK elapsed_ms=834
[08/06/2026 15:34:48] COMMAND command=health_check status=OK elapsed_ms=1448
[08/06/2026 15:34:58] COMMAND command=search_cotacoes status=OK elapsed_ms=2981
[08/06/2026 15:35:06] COMMAND command=get_cotacao status=OK elapsed_ms=892
[08/06/2026 15:35:06] COMMAND command=get_cliente status=OK elapsed_ms=814
[08/06/2026 15:35:07] COMMAND command=get_cotacao_items status=OK elapsed_ms=947
[08/06/2026 15:35:08] COMMAND command=get_cotacao_items status=OK elapsed_ms=898
[08/06/2026 15:35:09] COMMAND command=get_cotacao_items status=OK elapsed_ms=1102
[08/06/2026 15:35:17] COMMAND command=update_cotacao_full status=OK elapsed_ms=976
[08/06/2026 15:35:21] COMMAND command=get_cotacao status=OK elapsed_ms=898
[08/06/2026 15:35:22] COMMAND command=get_cliente status=OK elapsed_ms=891
[08/06/2026 15:35:23] COMMAND command=get_cotacao_items status=OK elapsed_ms=1166
[08/06/2026 15:35:25] COMMAND command=get_cotacao_items status=OK elapsed_ms=1204
[08/06/2026 15:35:26] COMMAND command=get_cotacao_items status=OK elapsed_ms=1071
[08/06/2026 15:35:28] COMMAND command=get_cotacao status=OK elapsed_ms=901
[08/06/2026 15:35:29] COMMAND command=get_cliente status=OK elapsed_ms=896
[08/06/2026 15:35:30] COMMAND command=get_cotacao_items status=OK elapsed_ms=1125
[08/06/2026 15:35:31] COMMAND command=get_cotacao_items status=OK elapsed_ms=933
[08/06/2026 15:35:32] COMMAND command=get_cotacao_items status=OK elapsed_ms=1144
[08/06/2026 15:38:22] COMMAND command=health_check status=OK elapsed_ms=919
[08/06/2026 15:38:31] COMMAND command=search_cotacoes status=OK elapsed_ms=2716
[08/06/2026 15:38:37] COMMAND command=get_cotacao status=OK elapsed_ms=817
[08/06/2026 15:38:37] COMMAND command=get_cliente status=OK elapsed_ms=815
[08/06/2026 15:38:38] COMMAND command=get_cotacao_items status=OK elapsed_ms=736
[08/06/2026 15:38:39] COMMAND command=get_cotacao_items status=OK elapsed_ms=849
[08/06/2026 15:38:50] COMMAND command=health_check status=OK elapsed_ms=973
[08/06/2026 15:38:56] COMMAND command=search_cotacoes status=OK elapsed_ms=2702
[08/06/2026 15:41:23] COMMAND command=health_check status=OK elapsed_ms=1008
[08/06/2026 15:41:34] COMMAND command=search_cotacoes status=OK elapsed_ms=2749
[08/06/2026 15:41:38] COMMAND command=get_cotacao status=OK elapsed_ms=816
[08/06/2026 15:41:39] COMMAND command=get_cliente status=OK elapsed_ms=813
[08/06/2026 15:41:39] COMMAND command=get_cotacao_items status=OK elapsed_ms=823
[08/06/2026 15:41:40] COMMAND command=get_cotacao_items status=OK elapsed_ms=738
[08/06/2026 15:41:41] COMMAND command=get_cotacao_items status=OK elapsed_ms=730
[08/06/2026 15:41:48] COMMAND command=update_cotacao_full status=OK elapsed_ms=981
[08/06/2026 15:41:55] COMMAND command=get_cotacao status=OK elapsed_ms=739
[08/06/2026 15:41:56] COMMAND command=get_cliente status=OK elapsed_ms=817
[08/06/2026 15:41:57] COMMAND command=get_cotacao_items status=OK elapsed_ms=740
[08/06/2026 15:41:58] COMMAND command=get_cotacao_items status=OK elapsed_ms=765
[08/06/2026 15:41:58] COMMAND command=get_cotacao_items status=OK elapsed_ms=850
[08/06/2026 15:42:00] COMMAND command=get_cotacao status=OK elapsed_ms=733
[08/06/2026 15:42:01] COMMAND command=get_cliente status=OK elapsed_ms=813
[08/06/2026 15:42:01] COMMAND command=get_cotacao_items status=OK elapsed_ms=733
[08/06/2026 15:42:02] COMMAND command=get_cotacao_items status=OK elapsed_ms=851
[08/06/2026 15:42:03] COMMAND command=get_cotacao_items status=OK elapsed_ms=874
[08/06/2026 15:42:10] COMMAND command=export_cotacao_html status=OK elapsed_ms=1304
[08/06/2026 15:47:01] COMMAND command=health_check status=OK elapsed_ms=1028
[08/06/2026 15:47:35] COMMAND command=search_chapas status=OK elapsed_ms=1001
[08/06/2026 15:47:57] COMMAND command=search_chapas status=OK elapsed_ms=1129
[08/06/2026 15:48:02] COMMAND command=search_chapas status=OK elapsed_ms=819
[08/06/2026 15:48:16] COMMAND command=search_fitas status=OK elapsed_ms=825
[08/06/2026 15:48:33] COMMAND command=search_clientes status=OK elapsed_ms=826
[08/06/2026 15:49:04] COMMAND command=create_cotacao status=OK elapsed_ms=822
[08/06/2026 15:49:13] COMMAND command=search_clientes status=OK elapsed_ms=814
[08/06/2026 15:49:16] COMMAND command=search_cotacoes status=OK elapsed_ms=1156
[08/06/2026 15:49:20] COMMAND command=get_cotacao status=OK elapsed_ms=815
[08/06/2026 15:49:21] COMMAND command=get_cliente status=OK elapsed_ms=808
[08/06/2026 15:49:22] COMMAND command=get_cotacao_items status=OK elapsed_ms=818
[08/06/2026 15:49:23] COMMAND command=get_cotacao_items status=OK elapsed_ms=821
[08/06/2026 15:49:24] COMMAND command=get_cotacao_items status=OK elapsed_ms=808
[08/06/2026 15:49:41] COMMAND command=get_cotacao_items status=OK elapsed_ms=771
[08/06/2026 15:49:45] COMMAND command=update_cotacao_full status=OK elapsed_ms=809
[08/06/2026 15:49:47] COMMAND command=get_cotacao status=OK elapsed_ms=809
[08/06/2026 15:49:48] COMMAND command=get_cliente status=OK elapsed_ms=891
[08/06/2026 15:49:49] COMMAND command=get_cotacao_items status=OK elapsed_ms=815
[08/06/2026 15:49:50] COMMAND command=get_cotacao_items status=OK elapsed_ms=839
[08/06/2026 15:49:51] COMMAND command=get_cotacao_items status=OK elapsed_ms=866
[08/06/2026 15:49:52] COMMAND command=get_cotacao status=OK elapsed_ms=809
[08/06/2026 15:49:53] COMMAND command=get_cliente status=OK elapsed_ms=806
[08/06/2026 15:49:54] COMMAND command=get_cotacao_items status=OK elapsed_ms=808
[08/06/2026 15:49:55] COMMAND command=get_cotacao_items status=OK elapsed_ms=757
[08/06/2026 15:49:55] COMMAND command=get_cotacao_items status=OK elapsed_ms=767
[08/06/2026 15:50:05] COMMAND command=export_cotacao_html status=OK elapsed_ms=1295
[08/06/2026 16:22:07] COMMAND command=health_check status=OK elapsed_ms=1633
[08/06/2026 16:22:17] COMMAND command=search_cotacoes status=OK elapsed_ms=3638
[08/06/2026 16:22:24] COMMAND command=get_cotacao status=OK elapsed_ms=1232
[08/06/2026 16:22:25] COMMAND command=get_cliente status=OK elapsed_ms=1216
[08/06/2026 16:22:27] COMMAND command=get_cotacao_items status=OK elapsed_ms=1233
[08/06/2026 16:22:28] COMMAND command=get_cotacao_items status=OK elapsed_ms=1231
[08/06/2026 16:22:29] COMMAND command=get_cotacao_items status=OK elapsed_ms=1182
[08/06/2026 16:22:42] COMMAND command=health_check status=OK elapsed_ms=1140
[08/06/2026 16:23:02] COMMAND command=search_chapas status=OK elapsed_ms=1397
[08/06/2026 16:23:56] COMMAND command=search_fitas status=OK elapsed_ms=1067
[08/06/2026 16:26:27] COMMAND command=search_clientes status=OK elapsed_ms=838
[08/06/2026 16:26:33] COMMAND command=create_cotacao status=OK elapsed_ms=816
[08/06/2026 16:26:38] COMMAND command=get_cliente status=OK elapsed_ms=851
[08/06/2026 16:29:10] COMMAND command=search_cotacoes status=OK elapsed_ms=3105
[08/06/2026 16:29:15] COMMAND command=get_cotacao status=OK elapsed_ms=905
[08/06/2026 16:29:16] COMMAND command=get_cliente status=OK elapsed_ms=824
[08/06/2026 16:29:17] COMMAND command=get_cotacao_items status=OK elapsed_ms=749
[08/06/2026 16:29:18] COMMAND command=get_cotacao_items status=OK elapsed_ms=810
[08/06/2026 16:29:18] COMMAND command=get_cotacao_items status=OK elapsed_ms=810
[08/06/2026 16:29:28] COMMAND command=export_cotacao_html status=OK elapsed_ms=1299
[08/06/2026 16:35:18] COMMAND command=health_check status=OK elapsed_ms=1781
[08/06/2026 16:35:50] COMMAND command=search_chapas status=OK elapsed_ms=1316
[08/06/2026 16:35:56] COMMAND command=health_check status=OK elapsed_ms=1189
[08/06/2026 16:37:13] COMMAND command=search_chapas status=OK elapsed_ms=1508
[08/06/2026 16:37:21] COMMAND command=search_chapas status=OK elapsed_ms=1279
[08/06/2026 16:37:24] COMMAND command=search_chapas status=OK elapsed_ms=1305
[08/06/2026 16:37:42] COMMAND command=search_ferragens status=OK elapsed_ms=1211
[08/06/2026 16:38:25] COMMAND command=search_ferragens status=OK elapsed_ms=908
[08/06/2026 16:40:13] COMMAND command=search_clientes status=OK elapsed_ms=827
[08/06/2026 16:40:21] COMMAND command=create_cotacao status=OK elapsed_ms=815
[08/06/2026 16:40:28] COMMAND command=get_cliente status=OK elapsed_ms=1224
[08/06/2026 16:41:02] COMMAND command=search_cotacoes status=OK elapsed_ms=2795
[08/06/2026 16:41:07] COMMAND command=get_cotacao status=OK elapsed_ms=815
[08/06/2026 16:41:08] COMMAND command=get_cliente status=OK elapsed_ms=808
[08/06/2026 16:41:08] COMMAND command=get_cotacao_items status=OK elapsed_ms=816
[08/06/2026 16:41:09] COMMAND command=get_cotacao_items status=OK elapsed_ms=810
[08/06/2026 16:41:10] COMMAND command=get_cotacao_items status=OK elapsed_ms=811
[08/06/2026 16:41:44] COMMAND command=export_cotacao_html status=OK elapsed_ms=1374
[08/06/2026 16:44:13] COMMAND command=health_check status=OK elapsed_ms=1190
[08/06/2026 16:44:25] COMMAND command=search_chapas status=OK elapsed_ms=939
[08/06/2026 16:44:33] COMMAND command=search_chapas status=OK elapsed_ms=1091
[08/06/2026 17:49:00] COMMAND command=health_check status=OK elapsed_ms=1216
[08/06/2026 17:49:07] COMMAND command=search_cotacoes status=OK elapsed_ms=3134
[08/06/2026 17:49:12] COMMAND command=get_cotacao status=OK elapsed_ms=1102
[08/06/2026 17:49:13] COMMAND command=get_cliente status=OK elapsed_ms=950
[08/06/2026 17:49:14] COMMAND command=get_cotacao_items status=OK elapsed_ms=962
[08/06/2026 17:49:15] COMMAND command=get_cotacao_items status=OK elapsed_ms=959
[08/06/2026 17:49:16] COMMAND command=get_cotacao_items status=OK elapsed_ms=955
[08/06/2026 17:50:03] COMMAND command=health_check status=OK elapsed_ms=1708
[08/06/2026 17:50:23] COMMAND command=search_chapas status=OK elapsed_ms=1248
[08/06/2026 17:50:25] COMMAND command=search_chapas status=OK elapsed_ms=1180
[08/06/2026 17:50:37] COMMAND command=search_chapas status=OK elapsed_ms=1219
[08/06/2026 17:50:53] COMMAND command=search_ferragens status=OK elapsed_ms=1309
[08/06/2026 17:51:08] COMMAND command=search_ferragens status=OK elapsed_ms=822
[08/06/2026 17:51:12] COMMAND command=search_ferragens status=OK elapsed_ms=913
[08/06/2026 17:51:35] COMMAND command=search_clientes status=OK elapsed_ms=823
[08/06/2026 17:51:40] COMMAND command=create_cotacao status=OK elapsed_ms=823
[08/06/2026 17:51:48] COMMAND command=search_clientes status=OK elapsed_ms=822
[08/06/2026 17:51:51] COMMAND command=search_cotacoes status=OK elapsed_ms=1165
[08/06/2026 17:51:53] COMMAND command=get_cotacao status=OK elapsed_ms=806
[08/06/2026 17:51:54] COMMAND command=get_cliente status=OK elapsed_ms=892
[08/06/2026 17:51:55] COMMAND command=get_cotacao_items status=OK elapsed_ms=822
[08/06/2026 17:51:56] COMMAND command=get_cotacao_items status=OK elapsed_ms=806
[08/06/2026 17:51:57] COMMAND command=get_cotacao_items status=OK elapsed_ms=806
[08/06/2026 17:52:17] COMMAND command=get_cotacao_items status=OK elapsed_ms=809
[08/06/2026 17:52:18] COMMAND command=update_cotacao_full status=OK elapsed_ms=811
[08/06/2026 17:52:19] COMMAND command=get_cotacao status=OK elapsed_ms=762
[08/06/2026 17:52:23] COMMAND command=update_cotacao_full status=OK elapsed_ms=808
[08/06/2026 17:52:40] COMMAND command=search_cotacoes status=OK elapsed_ms=1164
[08/06/2026 17:52:43] COMMAND command=get_cotacao status=OK elapsed_ms=812
[08/06/2026 17:52:44] COMMAND command=get_cliente status=OK elapsed_ms=808
[08/06/2026 17:52:45] COMMAND command=get_cotacao_items status=OK elapsed_ms=810
[08/06/2026 17:52:46] COMMAND command=get_cotacao_items status=OK elapsed_ms=732
[08/06/2026 17:52:46] COMMAND command=get_cotacao_items status=OK elapsed_ms=767
[08/06/2026 17:53:03] COMMAND command=export_cotacao_html status=OK elapsed_ms=1374
